{"C:\\Users\\DELL\\pos-inventory\\backend\\db.js": {"path":"C:\\Users\\DELL\\pos-inventory\\backend\\db.js","statementMap":{"0":{"start":{"line":1,"column":14},"end":{"line":1,"column":31}},"1":{"start":{"line":2,"column":0},"end":{"line":2,"column":27}},"2":{"start":{"line":4,"column":11},"end":{"line":9,"column":2}},"3":{"start":{"line":11,"column":0},"end":{"line":17,"column":3}},"4":{"start":{"line":12,"column":2},"end":{"line":15,"column":3}},"5":{"start":{"line":13,"column":4},"end":{"line":13,"column":62}},"6":{"start":{"line":14,"column":4},"end":{"line":14,"column":11}},"7":{"start":{"line":16,"column":2},"end":{"line":16,"column":45}},"8":{"start":{"line":19,"column":0},"end":{"line":19,"column":20}}},"fnMap":{"0":{"name":"(anonymous_0)","decl":{"start":{"line":11,"column":11},"end":{"line":11,"column":12}},"loc":{"start":{"line":11,"column":20},"end":{"line":17,"column":1}},"line":11}},"branchMap":{"0":{"loc":{"start":{"line":5,"column":8},"end":{"line":5,"column":42}},"type":"binary-expr","locations":[{"start":{"line":5,"column":8},"end":{"line":5,"column":27}},{"start":{"line":5,"column":31},"end":{"line":5,"column":42}}],"line":5},"1":{"loc":{"start":{"line":6,"column":8},"end":{"line":6,"column":37}},"type":"binary-expr","locations":[{"start":{"line":6,"column":8},"end":{"line":6,"column":27}},{"start":{"line":6,"column":31},"end":{"line":6,"column":37}}],"line":6},"2":{"loc":{"start":{"line":7,"column":12},"end":{"line":7,"column":44}},"type":"binary-expr","locations":[{"start":{"line":7,"column":12},"end":{"line":7,"column":31}},{"start":{"line":7,"column":35},"end":{"line":7,"column":44}}],"line":7},"3":{"loc":{"start":{"line":8,"column":12},"end":{"line":8,"column":49}},"type":"binary-expr","locations":[{"start":{"line":8,"column":12},"end":{"line":8,"column":31}},{"start":{"line":8,"column":35},"end":{"line":8,"column":49}}],"line":8},"4":{"loc":{"start":{"line":12,"column":2},"end":{"line":15,"column":3}},"type":"if","locations":[{"start":{"line":12,"column":2},"end":{"line":15,"column":3}},{"start":{},"end":{}}],"line":12}},"s":{"0":11,"1":11,"2":11,"3":11,"4":11,"5":0,"6":0,"7":11,"8":11},"f":{"0":11},"b":{"0":[11,0],"1":[11,0],"2":[11,0],"3":[11,0],"4":[0,11]},"_coverageSchema":"1a1c01bbd47fc00a2c39e90264f33305004495a9","hash":"69c0ccfdf0c597beb63771dc5db0fdd064ee0c32"}
,"C:\\Users\\DELL\\pos-inventory\\backend\\server.js": {"path":"C:\\Users\\DELL\\pos-inventory\\backend\\server.js","statementMap":{"0":{"start":{"line":1,"column":0},"end":{"line":1,"column":27}},"1":{"start":{"line":2,"column":16},"end":{"line":2,"column":34}},"2":{"start":{"line":3,"column":13},"end":{"line":3,"column":28}},"3":{"start":{"line":4,"column":19},"end":{"line":4,"column":41}},"4":{"start":{"line":6,"column":13},"end":{"line":6,"column":28}},"5":{"start":{"line":7,"column":11},"end":{"line":7,"column":26}},"6":{"start":{"line":8,"column":12},"end":{"line":8,"column":21}},"7":{"start":{"line":9,"column":0},"end":{"line":9,"column":16}},"8":{"start":{"line":10,"column":0},"end":{"line":10,"column":27}},"9":{"start":{"line":12,"column":13},"end":{"line":12,"column":37}},"10":{"start":{"line":14,"column":0},"end":{"line":16,"column":3}},"11":{"start":{"line":15,"column":2},"end":{"line":15,"column":53}},"12":{"start":{"line":19,"column":0},"end":{"line":19,"column":63}},"13":{"start":{"line":20,"column":0},"end":{"line":20,"column":53}},"14":{"start":{"line":21,"column":0},"end":{"line":21,"column":60}},"15":{"start":{"line":22,"column":0},"end":{"line":22,"column":56}},"16":{"start":{"line":23,"column":0},"end":{"line":23,"column":63}},"17":{"start":{"line":24,"column":0},"end":{"line":24,"column":55}},"18":{"start":{"line":25,"column":0},"end":{"line":25,"column":73}},"19":{"start":{"line":26,"column":0},"end":{"line":26,"column":59}},"20":{"start":{"line":27,"column":0},"end":{"line":27,"column":69}},"21":{"start":{"line":28,"column":0},"end":{"line":28,"column":59}},"22":{"start":{"line":35,"column":0},"end":{"line":39,"column":1}},"23":{"start":{"line":36,"column":2},"end":{"line":38,"column":5}},"24":{"start":{"line":37,"column":4},"end":{"line":37,"column":50}},"25":{"start":{"line":41,"column":0},"end":{"line":41,"column":21}}},"fnMap":{"0":{"name":"(anonymous_0)","decl":{"start":{"line":14,"column":13},"end":{"line":14,"column":14}},"loc":{"start":{"line":14,"column":27},"end":{"line":16,"column":1}},"line":14},"1":{"name":"(anonymous_1)","decl":{"start":{"line":36,"column":19},"end":{"line":36,"column":20}},"loc":{"start":{"line":36,"column":25},"end":{"line":38,"column":3}},"line":36}},"branchMap":{"0":{"loc":{"start":{"line":12,"column":13},"end":{"line":12,"column":37}},"type":"binary-expr","locations":[{"start":{"line":12,"column":13},"end":{"line":12,"column":29}},{"start":{"line":12,"column":33},"end":{"line":12,"column":37}}],"line":12},"1":{"loc":{"start":{"line":35,"column":0},"end":{"line":39,"column":1}},"type":"if","locations":[{"start":{"line":35,"column":0},"end":{"line":39,"column":1}},{"start":{},"end":{}}],"line":35}},"s":{"0":11,"1":11,"2":11,"3":11,"4":11,"5":11,"6":11,"7":11,"8":11,"9":11,"10":11,"11":0,"12":11,"13":11,"14":11,"15":11,"16":11,"17":11,"18":11,"19":11,"20":11,"21":11,"22":11,"23":0,"24":0,"25":11},"f":{"0":0,"1":0},"b":{"0":[11,0],"1":[0,11]},"_coverageSchema":"1a1c01bbd47fc00a2c39e90264f33305004495a9","hash":"6c9069641f5b264ed338baa158a47f6a4f1b7c7a"}
,"C:\\Users\\DELL\\pos-inventory\\backend\\middlewares\\authMiddleware.js": {"path":"C:\\Users\\DELL\\pos-inventory\\backend\\middlewares\\authMiddleware.js","statementMap":{"0":{"start":{"line":1,"column":12},"end":{"line":1,"column":35}},"1":{"start":{"line":4,"column":25},"end":{"line":25,"column":1}},"2":{"start":{"line":5,"column":16},"end":{"line":5,"column":43}},"3":{"start":{"line":10,"column":2},"end":{"line":16,"column":3}},"4":{"start":{"line":11,"column":4},"end":{"line":15,"column":7}},"5":{"start":{"line":18,"column":2},"end":{"line":24,"column":3}},"6":{"start":{"line":19,"column":20},"end":{"line":19,"column":84}},"7":{"start":{"line":20,"column":4},"end":{"line":20,"column":23}},"8":{"start":{"line":21,"column":4},"end":{"line":21,"column":11}},"9":{"start":{"line":23,"column":4},"end":{"line":23,"column":55}},"10":{"start":{"line":28,"column":23},"end":{"line":33,"column":1}},"11":{"start":{"line":29,"column":2},"end":{"line":31,"column":3}},"12":{"start":{"line":30,"column":4},"end":{"line":30,"column":76}},"13":{"start":{"line":32,"column":2},"end":{"line":32,"column":9}},"14":{"start":{"line":36,"column":26},"end":{"line":41,"column":1}},"15":{"start":{"line":37,"column":2},"end":{"line":39,"column":3}},"16":{"start":{"line":38,"column":4},"end":{"line":38,"column":79}},"17":{"start":{"line":40,"column":2},"end":{"line":40,"column":9}},"18":{"start":{"line":43,"column":0},"end":{"line":43,"column":73}}},"fnMap":{"0":{"name":"(anonymous_0)","decl":{"start":{"line":4,"column":25},"end":{"line":4,"column":26}},"loc":{"start":{"line":4,"column":45},"end":{"line":25,"column":1}},"line":4},"1":{"name":"(anonymous_1)","decl":{"start":{"line":28,"column":23},"end":{"line":28,"column":24}},"loc":{"start":{"line":28,"column":43},"end":{"line":33,"column":1}},"line":28},"2":{"name":"(anonymous_2)","decl":{"start":{"line":36,"column":26},"end":{"line":36,"column":27}},"loc":{"start":{"line":36,"column":46},"end":{"line":41,"column":1}},"line":36}},"branchMap":{"0":{"loc":{"start":{"line":10,"column":2},"end":{"line":16,"column":3}},"type":"if","locations":[{"start":{"line":10,"column":2},"end":{"line":16,"column":3}},{"start":{},"end":{}}],"line":10},"1":{"loc":{"start":{"line":29,"column":2},"end":{"line":31,"column":3}},"type":"if","locations":[{"start":{"line":29,"column":2},"end":{"line":31,"column":3}},{"start":{},"end":{}}],"line":29},"2":{"loc":{"start":{"line":37,"column":2},"end":{"line":39,"column":3}},"type":"if","locations":[{"start":{"line":37,"column":2},"end":{"line":39,"column":3}},{"start":{},"end":{}}],"line":37},"3":{"loc":{"start":{"line":37,"column":6},"end":{"line":37,"column":63}},"type":"binary-expr","locations":[{"start":{"line":37,"column":6},"end":{"line":37,"column":34}},{"start":{"line":37,"column":38},"end":{"line":37,"column":63}}],"line":37}},"s":{"0":11,"1":11,"2":78,"3":78,"4":0,"5":78,"6":78,"7":78,"8":78,"9":0,"10":11,"11":52,"12":0,"13":52,"14":11,"15":0,"16":0,"17":0,"18":11},"f":{"0":78,"1":52,"2":0},"b":{"0":[0,78],"1":[0,52],"2":[0,0],"3":[0,0]},"_coverageSchema":"1a1c01bbd47fc00a2c39e90264f33305004495a9","hash":"9f454d946c02cbe109257fdbcc49e7d2b9fa3596"}
,"C:\\Users\\DELL\\pos-inventory\\backend\\routes\\authRoutes.js": {"path":"C:\\Users\\DELL\\pos-inventory\\backend\\routes\\authRoutes.js","statementMap":{"0":{"start":{"line":1,"column":16},"end":{"line":1,"column":34}},"1":{"start":{"line":2,"column":15},"end":{"line":2,"column":34}},"2":{"start":{"line":3,"column":12},"end":{"line":3,"column":35}},"3":{"start":{"line":4,"column":11},"end":{"line":4,"column":27}},"4":{"start":{"line":6,"column":15},"end":{"line":6,"column":31}},"5":{"start":{"line":25,"column":0},"end":{"line":49,"column":3}},"6":{"start":{"line":26,"column":39},"end":{"line":26,"column":47}},"7":{"start":{"line":29,"column":2},"end":{"line":31,"column":3}},"8":{"start":{"line":30,"column":4},"end":{"line":30,"column":84}},"9":{"start":{"line":33,"column":2},"end":{"line":48,"column":3}},"10":{"start":{"line":34,"column":27},"end":{"line":34,"column":58}},"11":{"start":{"line":36,"column":4},"end":{"line":45,"column":6}},"12":{"start":{"line":40,"column":8},"end":{"line":42,"column":9}},"13":{"start":{"line":41,"column":10},"end":{"line":41,"column":89}},"14":{"start":{"line":43,"column":8},"end":{"line":43,"column":74}},"15":{"start":{"line":47,"column":4},"end":{"line":47,"column":61}},"16":{"start":{"line":74,"column":0},"end":{"line":115,"column":3}},"17":{"start":{"line":75,"column":33},"end":{"line":75,"column":41}},"18":{"start":{"line":78,"column":2},"end":{"line":80,"column":3}},"19":{"start":{"line":79,"column":4},"end":{"line":79,"column":84}},"20":{"start":{"line":82,"column":2},"end":{"line":114,"column":5}},"21":{"start":{"line":83,"column":4},"end":{"line":85,"column":5}},"22":{"start":{"line":84,"column":6},"end":{"line":84,"column":77}},"23":{"start":{"line":87,"column":4},"end":{"line":89,"column":5}},"24":{"start":{"line":88,"column":6},"end":{"line":88,"column":79}},"25":{"start":{"line":91,"column":17},"end":{"line":91,"column":27}},"26":{"start":{"line":93,"column":4},"end":{"line":113,"column":5}},"27":{"start":{"line":94,"column":30},"end":{"line":94,"column":75}},"28":{"start":{"line":96,"column":6},"end":{"line":98,"column":7}},"29":{"start":{"line":97,"column":8},"end":{"line":97,"column":81}},"30":{"start":{"line":100,"column":20},"end":{"line":104,"column":7}},"31":{"start":{"line":106,"column":6},"end":{"line":110,"column":9}},"32":{"start":{"line":112,"column":6},"end":{"line":112,"column":84}},"33":{"start":{"line":117,"column":0},"end":{"line":117,"column":24}}},"fnMap":{"0":{"name":"(anonymous_0)","decl":{"start":{"line":25,"column":25},"end":{"line":25,"column":26}},"loc":{"start":{"line":25,"column":45},"end":{"line":49,"column":1}},"line":25},"1":{"name":"(anonymous_1)","decl":{"start":{"line":39,"column":6},"end":{"line":39,"column":7}},"loc":{"start":{"line":39,"column":23},"end":{"line":44,"column":7}},"line":39},"2":{"name":"(anonymous_2)","decl":{"start":{"line":74,"column":22},"end":{"line":74,"column":23}},"loc":{"start":{"line":74,"column":36},"end":{"line":115,"column":1}},"line":74},"3":{"name":"(anonymous_3)","decl":{"start":{"line":82,"column":65},"end":{"line":82,"column":66}},"loc":{"start":{"line":82,"column":89},"end":{"line":114,"column":3}},"line":82}},"branchMap":{"0":{"loc":{"start":{"line":29,"column":2},"end":{"line":31,"column":3}},"type":"if","locations":[{"start":{"line":29,"column":2},"end":{"line":31,"column":3}},{"start":{},"end":{}}],"line":29},"1":{"loc":{"start":{"line":29,"column":6},"end":{"line":29,"column":80}},"type":"binary-expr","locations":[{"start":{"line":29,"column":6},"end":{"line":29,"column":15}},{"start":{"line":29,"column":19},"end":{"line":29,"column":28}},{"start":{"line":29,"column":32},"end":{"line":29,"column":54}},{"start":{"line":29,"column":58},"end":{"line":29,"column":80}}],"line":29},"2":{"loc":{"start":{"line":38,"column":33},"end":{"line":38,"column":51}},"type":"binary-expr","locations":[{"start":{"line":38,"column":33},"end":{"line":38,"column":37}},{"start":{"line":38,"column":41},"end":{"line":38,"column":51}}],"line":38},"3":{"loc":{"start":{"line":40,"column":8},"end":{"line":42,"column":9}},"type":"if","locations":[{"start":{"line":40,"column":8},"end":{"line":42,"column":9}},{"start":{},"end":{}}],"line":40},"4":{"loc":{"start":{"line":78,"column":2},"end":{"line":80,"column":3}},"type":"if","locations":[{"start":{"line":78,"column":2},"end":{"line":80,"column":3}},{"start":{},"end":{}}],"line":78},"5":{"loc":{"start":{"line":78,"column":6},"end":{"line":78,"column":80}},"type":"binary-expr","locations":[{"start":{"line":78,"column":6},"end":{"line":78,"column":15}},{"start":{"line":78,"column":19},"end":{"line":78,"column":28}},{"start":{"line":78,"column":32},"end":{"line":78,"column":54}},{"start":{"line":78,"column":58},"end":{"line":78,"column":80}}],"line":78},"6":{"loc":{"start":{"line":83,"column":4},"end":{"line":85,"column":5}},"type":"if","locations":[{"start":{"line":83,"column":4},"end":{"line":85,"column":5}},{"start":{},"end":{}}],"line":83},"7":{"loc":{"start":{"line":87,"column":4},"end":{"line":89,"column":5}},"type":"if","locations":[{"start":{"line":87,"column":4},"end":{"line":89,"column":5}},{"start":{},"end":{}}],"line":87},"8":{"loc":{"start":{"line":96,"column":6},"end":{"line":98,"column":7}},"type":"if","locations":[{"start":{"line":96,"column":6},"end":{"line":98,"column":7}},{"start":{},"end":{}}],"line":96}},"s":{"0":11,"1":11,"2":11,"3":11,"4":11,"5":11,"6":9,"7":9,"8":1,"9":8,"10":8,"11":8,"12":8,"13":0,"14":8,"15":0,"16":11,"17":12,"18":12,"19":0,"20":12,"21":12,"22":0,"23":12,"24":1,"25":11,"26":11,"27":11,"28":11,"29":0,"30":11,"31":11,"32":0,"33":11},"f":{"0":9,"1":8,"2":12,"3":12},"b":{"0":[1,8],"1":[9,8,8,8],"2":[8,1],"3":[0,8],"4":[0,12],"5":[12,12,12,12],"6":[0,12],"7":[1,11],"8":[0,11]},"_coverageSchema":"1a1c01bbd47fc00a2c39e90264f33305004495a9","hash":"9a4db4cc2fc902c86d7f36e404338bb87b1cd2fe"}
,"C:\\Users\\DELL\\pos-inventory\\backend\\routes\\dashboardRoutes.js": {"path":"C:\\Users\\DELL\\pos-inventory\\backend\\routes\\dashboardRoutes.js","statementMap":{"0":{"start":{"line":1,"column":16},"end":{"line":1,"column":34}},"1":{"start":{"line":2,"column":11},"end":{"line":2,"column":27}},"2":{"start":{"line":3,"column":15},"end":{"line":3,"column":31}},"3":{"start":{"line":4,"column":45},"end":{"line":4,"column":85}},"4":{"start":{"line":7,"column":0},"end":{"line":38,"column":3}},"5":{"start":{"line":8,"column":2},"end":{"line":37,"column":4}},"6":{"start":{"line":17,"column":6},"end":{"line":17,"column":86}},"7":{"start":{"line":17,"column":15},"end":{"line":17,"column":86}},"8":{"start":{"line":25,"column":6},"end":{"line":27,"column":7}},"9":{"start":{"line":26,"column":8},"end":{"line":26,"column":82}},"10":{"start":{"line":29,"column":20},"end":{"line":29,"column":30}},"11":{"start":{"line":30,"column":6},"end":{"line":34,"column":9}},"12":{"start":{"line":40,"column":0},"end":{"line":54,"column":3}},"13":{"start":{"line":41,"column":2},"end":{"line":53,"column":4}},"14":{"start":{"line":47,"column":6},"end":{"line":47,"column":86}},"15":{"start":{"line":47,"column":15},"end":{"line":47,"column":86}},"16":{"start":{"line":48,"column":6},"end":{"line":50,"column":7}},"17":{"start":{"line":49,"column":8},"end":{"line":49,"column":82}},"18":{"start":{"line":51,"column":6},"end":{"line":51,"column":24}},"19":{"start":{"line":56,"column":0},"end":{"line":73,"column":3}},"20":{"start":{"line":57,"column":2},"end":{"line":72,"column":4}},"21":{"start":{"line":68,"column":6},"end":{"line":68,"column":86}},"22":{"start":{"line":68,"column":15},"end":{"line":68,"column":86}},"23":{"start":{"line":70,"column":6},"end":{"line":70,"column":24}},"24":{"start":{"line":75,"column":0},"end":{"line":75,"column":24}}},"fnMap":{"0":{"name":"(anonymous_0)","decl":{"start":{"line":7,"column":45},"end":{"line":7,"column":46}},"loc":{"start":{"line":7,"column":59},"end":{"line":38,"column":1}},"line":7},"1":{"name":"(anonymous_1)","decl":{"start":{"line":16,"column":4},"end":{"line":16,"column":5}},"loc":{"start":{"line":16,"column":22},"end":{"line":36,"column":5}},"line":16},"2":{"name":"(anonymous_2)","decl":{"start":{"line":40,"column":57},"end":{"line":40,"column":58}},"loc":{"start":{"line":40,"column":71},"end":{"line":54,"column":1}},"line":40},"3":{"name":"(anonymous_3)","decl":{"start":{"line":46,"column":4},"end":{"line":46,"column":5}},"loc":{"start":{"line":46,"column":22},"end":{"line":52,"column":5}},"line":46},"4":{"name":"(anonymous_4)","decl":{"start":{"line":56,"column":53},"end":{"line":56,"column":54}},"loc":{"start":{"line":56,"column":67},"end":{"line":73,"column":1}},"line":56},"5":{"name":"(anonymous_5)","decl":{"start":{"line":67,"column":4},"end":{"line":67,"column":5}},"loc":{"start":{"line":67,"column":22},"end":{"line":71,"column":5}},"line":67}},"branchMap":{"0":{"loc":{"start":{"line":17,"column":6},"end":{"line":17,"column":86}},"type":"if","locations":[{"start":{"line":17,"column":6},"end":{"line":17,"column":86}},{"start":{},"end":{}}],"line":17},"1":{"loc":{"start":{"line":25,"column":6},"end":{"line":27,"column":7}},"type":"if","locations":[{"start":{"line":25,"column":6},"end":{"line":27,"column":7}},{"start":{},"end":{}}],"line":25},"2":{"loc":{"start":{"line":25,"column":10},"end":{"line":25,"column":57}},"type":"binary-expr","locations":[{"start":{"line":25,"column":10},"end":{"line":25,"column":33}},{"start":{"line":25,"column":37},"end":{"line":25,"column":57}}],"line":25},"3":{"loc":{"start":{"line":31,"column":21},"end":{"line":31,"column":43}},"type":"binary-expr","locations":[{"start":{"line":31,"column":21},"end":{"line":31,"column":38}},{"start":{"line":31,"column":42},"end":{"line":31,"column":43}}],"line":31},"4":{"loc":{"start":{"line":32,"column":23},"end":{"line":32,"column":76}},"type":"cond-expr","locations":[{"start":{"line":32,"column":45},"end":{"line":32,"column":72}},{"start":{"line":32,"column":75},"end":{"line":32,"column":76}}],"line":32},"5":{"loc":{"start":{"line":33,"column":29},"end":{"line":33,"column":63}},"type":"binary-expr","locations":[{"start":{"line":33,"column":29},"end":{"line":33,"column":54}},{"start":{"line":33,"column":58},"end":{"line":33,"column":63}}],"line":33},"6":{"loc":{"start":{"line":47,"column":6},"end":{"line":47,"column":86}},"type":"if","locations":[{"start":{"line":47,"column":6},"end":{"line":47,"column":86}},{"start":{},"end":{}}],"line":47},"7":{"loc":{"start":{"line":48,"column":6},"end":{"line":50,"column":7}},"type":"if","locations":[{"start":{"line":48,"column":6},"end":{"line":50,"column":7}},{"start":{},"end":{}}],"line":48},"8":{"loc":{"start":{"line":48,"column":10},"end":{"line":48,"column":42}},"type":"binary-expr","locations":[{"start":{"line":48,"column":10},"end":{"line":48,"column":18}},{"start":{"line":48,"column":22},"end":{"line":48,"column":42}}],"line":48},"9":{"loc":{"start":{"line":68,"column":6},"end":{"line":68,"column":86}},"type":"if","locations":[{"start":{"line":68,"column":6},"end":{"line":68,"column":86}},{"start":{},"end":{}}],"line":68}},"s":{"0":11,"1":11,"2":11,"3":11,"4":11,"5":1,"6":1,"7":0,"8":1,"9":0,"10":1,"11":1,"12":11,"13":1,"14":1,"15":0,"16":1,"17":0,"18":1,"19":11,"20":1,"21":1,"22":0,"23":1,"24":11},"f":{"0":1,"1":1,"2":1,"3":1,"4":1,"5":1},"b":{"0":[0,1],"1":[0,1],"2":[1,1],"3":[1,0],"4":[1,0],"5":[1,0],"6":[0,1],"7":[0,1],"8":[1,1],"9":[0,1]},"_coverageSchema":"1a1c01bbd47fc00a2c39e90264f33305004495a9","hash":"eb0040b59a0bc4817cf66661b26aec690d6013f4"}
,"C:\\Users\\DELL\\pos-inventory\\backend\\routes\\inventoryRoutes.js": {"path":"C:\\Users\\DELL\\pos-inventory\\backend\\routes\\inventoryRoutes.js","statementMap":{"0":{"start":{"line":1,"column":16},"end":{"line":1,"column":34}},"1":{"start":{"line":2,"column":11},"end":{"line":2,"column":27}},"2":{"start":{"line":3,"column":15},"end":{"line":3,"column":31}},"3":{"start":{"line":6,"column":64},"end":{"line":6,"column":104}},"4":{"start":{"line":12,"column":0},"end":{"line":32,"column":3}},"5":{"start":{"line":13,"column":4},"end":{"line":31,"column":6}},"6":{"start":{"line":21,"column":8},"end":{"line":21,"column":88}},"7":{"start":{"line":21,"column":17},"end":{"line":21,"column":88}},"8":{"start":{"line":23,"column":8},"end":{"line":27,"column":11}},"9":{"start":{"line":24,"column":10},"end":{"line":26,"column":11}},"10":{"start":{"line":25,"column":12},"end":{"line":25,"column":103}},"11":{"start":{"line":29,"column":8},"end":{"line":29,"column":26}},"12":{"start":{"line":36,"column":0},"end":{"line":54,"column":3}},"13":{"start":{"line":37,"column":18},"end":{"line":37,"column":36}},"14":{"start":{"line":38,"column":2},"end":{"line":53,"column":4}},"15":{"start":{"line":47,"column":6},"end":{"line":47,"column":86}},"16":{"start":{"line":47,"column":15},"end":{"line":47,"column":86}},"17":{"start":{"line":48,"column":6},"end":{"line":50,"column":7}},"18":{"start":{"line":49,"column":8},"end":{"line":49,"column":69}},"19":{"start":{"line":51,"column":6},"end":{"line":51,"column":24}},"20":{"start":{"line":58,"column":0},"end":{"line":72,"column":3}},"21":{"start":{"line":59,"column":33},"end":{"line":59,"column":43}},"22":{"start":{"line":60,"column":2},"end":{"line":71,"column":4}},"23":{"start":{"line":64,"column":6},"end":{"line":64,"column":86}},"24":{"start":{"line":64,"column":15},"end":{"line":64,"column":86}},"25":{"start":{"line":65,"column":6},"end":{"line":67,"column":7}},"26":{"start":{"line":66,"column":8},"end":{"line":66,"column":80}},"27":{"start":{"line":68,"column":6},"end":{"line":68,"column":96}},"28":{"start":{"line":68,"column":32},"end":{"line":68,"column":96}},"29":{"start":{"line":69,"column":6},"end":{"line":69,"column":27}},"30":{"start":{"line":76,"column":0},"end":{"line":118,"column":3}},"31":{"start":{"line":77,"column":64},"end":{"line":77,"column":72}},"32":{"start":{"line":80,"column":4},"end":{"line":117,"column":6}},"33":{"start":{"line":84,"column":8},"end":{"line":84,"column":88}},"34":{"start":{"line":84,"column":17},"end":{"line":84,"column":88}},"35":{"start":{"line":85,"column":8},"end":{"line":87,"column":9}},"36":{"start":{"line":86,"column":10},"end":{"line":86,"column":129}},"37":{"start":{"line":89,"column":8},"end":{"line":91,"column":9}},"38":{"start":{"line":90,"column":10},"end":{"line":90,"column":119}},"39":{"start":{"line":93,"column":8},"end":{"line":115,"column":9}},"40":{"start":{"line":95,"column":10},"end":{"line":103,"column":12}},"41":{"start":{"line":99,"column":14},"end":{"line":99,"column":104}},"42":{"start":{"line":99,"column":23},"end":{"line":99,"column":104}},"43":{"start":{"line":101,"column":14},"end":{"line":101,"column":82}},"44":{"start":{"line":106,"column":10},"end":{"line":114,"column":12}},"45":{"start":{"line":110,"column":14},"end":{"line":110,"column":102}},"46":{"start":{"line":110,"column":23},"end":{"line":110,"column":102}},"47":{"start":{"line":112,"column":14},"end":{"line":112,"column":116}},"48":{"start":{"line":121,"column":0},"end":{"line":145,"column":3}},"49":{"start":{"line":122,"column":22},"end":{"line":122,"column":35}},"50":{"start":{"line":123,"column":40},"end":{"line":123,"column":48}},"51":{"start":{"line":124,"column":2},"end":{"line":126,"column":3}},"52":{"start":{"line":125,"column":4},"end":{"line":125,"column":69}},"53":{"start":{"line":127,"column":2},"end":{"line":129,"column":3}},"54":{"start":{"line":128,"column":4},"end":{"line":128,"column":93}},"55":{"start":{"line":130,"column":2},"end":{"line":132,"column":3}},"56":{"start":{"line":131,"column":4},"end":{"line":131,"column":113}},"57":{"start":{"line":133,"column":2},"end":{"line":144,"column":4}},"58":{"start":{"line":137,"column":6},"end":{"line":137,"column":96}},"59":{"start":{"line":137,"column":15},"end":{"line":137,"column":96}},"60":{"start":{"line":138,"column":6},"end":{"line":140,"column":7}},"61":{"start":{"line":139,"column":8},"end":{"line":139,"column":79}},"62":{"start":{"line":142,"column":6},"end":{"line":142,"column":62}},"63":{"start":{"line":151,"column":0},"end":{"line":160,"column":3}},"64":{"start":{"line":152,"column":22},"end":{"line":152,"column":35}},"65":{"start":{"line":153,"column":2},"end":{"line":159,"column":5}},"66":{"start":{"line":154,"column":4},"end":{"line":154,"column":94}},"67":{"start":{"line":154,"column":13},"end":{"line":154,"column":94}},"68":{"start":{"line":155,"column":4},"end":{"line":157,"column":5}},"69":{"start":{"line":156,"column":6},"end":{"line":156,"column":71}},"70":{"start":{"line":158,"column":4},"end":{"line":158,"column":60}},"71":{"start":{"line":162,"column":19},"end":{"line":162,"column":40}},"72":{"start":{"line":165,"column":20},"end":{"line":171,"column":2}},"73":{"start":{"line":174,"column":26},"end":{"line":190,"column":1}},"74":{"start":{"line":175,"column":24},"end":{"line":180,"column":7}},"75":{"start":{"line":183,"column":2},"end":{"line":189,"column":5}},"76":{"start":{"line":184,"column":4},"end":{"line":188,"column":5}},"77":{"start":{"line":185,"column":6},"end":{"line":185,"column":49}},"78":{"start":{"line":187,"column":6},"end":{"line":187,"column":64}},"79":{"start":{"line":194,"column":0},"end":{"line":194,"column":24}}},"fnMap":{"0":{"name":"(anonymous_0)","decl":{"start":{"line":12,"column":34},"end":{"line":12,"column":35}},"loc":{"start":{"line":12,"column":48},"end":{"line":32,"column":1}},"line":12},"1":{"name":"(anonymous_1)","decl":{"start":{"line":20,"column":6},"end":{"line":20,"column":7}},"loc":{"start":{"line":20,"column":24},"end":{"line":30,"column":7}},"line":20},"2":{"name":"(anonymous_2)","decl":{"start":{"line":23,"column":24},"end":{"line":23,"column":25}},"loc":{"start":{"line":23,"column":34},"end":{"line":27,"column":9}},"line":23},"3":{"name":"(anonymous_3)","decl":{"start":{"line":36,"column":48},"end":{"line":36,"column":49}},"loc":{"start":{"line":36,"column":62},"end":{"line":54,"column":1}},"line":36},"4":{"name":"(anonymous_4)","decl":{"start":{"line":46,"column":4},"end":{"line":46,"column":5}},"loc":{"start":{"line":46,"column":22},"end":{"line":52,"column":5}},"line":46},"5":{"name":"(anonymous_5)","decl":{"start":{"line":58,"column":67},"end":{"line":58,"column":68}},"loc":{"start":{"line":58,"column":81},"end":{"line":72,"column":1}},"line":58},"6":{"name":"(anonymous_6)","decl":{"start":{"line":63,"column":4},"end":{"line":63,"column":5}},"loc":{"start":{"line":63,"column":22},"end":{"line":70,"column":5}},"line":63},"7":{"name":"(anonymous_7)","decl":{"start":{"line":76,"column":51},"end":{"line":76,"column":52}},"loc":{"start":{"line":76,"column":65},"end":{"line":118,"column":1}},"line":76},"8":{"name":"(anonymous_8)","decl":{"start":{"line":83,"column":6},"end":{"line":83,"column":7}},"loc":{"start":{"line":83,"column":24},"end":{"line":116,"column":7}},"line":83},"9":{"name":"(anonymous_9)","decl":{"start":{"line":98,"column":12},"end":{"line":98,"column":13}},"loc":{"start":{"line":98,"column":35},"end":{"line":102,"column":13}},"line":98},"10":{"name":"(anonymous_10)","decl":{"start":{"line":109,"column":12},"end":{"line":109,"column":13}},"loc":{"start":{"line":109,"column":35},"end":{"line":113,"column":13}},"line":109},"11":{"name":"(anonymous_11)","decl":{"start":{"line":121,"column":53},"end":{"line":121,"column":54}},"loc":{"start":{"line":121,"column":67},"end":{"line":145,"column":1}},"line":121},"12":{"name":"(anonymous_12)","decl":{"start":{"line":136,"column":4},"end":{"line":136,"column":5}},"loc":{"start":{"line":136,"column":21},"end":{"line":143,"column":5}},"line":136},"13":{"name":"(anonymous_13)","decl":{"start":{"line":151,"column":56},"end":{"line":151,"column":57}},"loc":{"start":{"line":151,"column":70},"end":{"line":160,"column":1}},"line":151},"14":{"name":"(anonymous_14)","decl":{"start":{"line":153,"column":64},"end":{"line":153,"column":65}},"loc":{"start":{"line":153,"column":81},"end":{"line":159,"column":3}},"line":153},"15":{"name":"(anonymous_15)","decl":{"start":{"line":174,"column":26},"end":{"line":174,"column":27}},"loc":{"start":{"line":174,"column":73},"end":{"line":190,"column":1}},"line":174},"16":{"name":"(anonymous_16)","decl":{"start":{"line":183,"column":36},"end":{"line":183,"column":37}},"loc":{"start":{"line":183,"column":53},"end":{"line":189,"column":3}},"line":183}},"branchMap":{"0":{"loc":{"start":{"line":21,"column":8},"end":{"line":21,"column":88}},"type":"if","locations":[{"start":{"line":21,"column":8},"end":{"line":21,"column":88}},{"start":{},"end":{}}],"line":21},"1":{"loc":{"start":{"line":24,"column":10},"end":{"line":26,"column":11}},"type":"if","locations":[{"start":{"line":24,"column":10},"end":{"line":26,"column":11}},{"start":{},"end":{}}],"line":24},"2":{"loc":{"start":{"line":47,"column":6},"end":{"line":47,"column":86}},"type":"if","locations":[{"start":{"line":47,"column":6},"end":{"line":47,"column":86}},{"start":{},"end":{}}],"line":47},"3":{"loc":{"start":{"line":48,"column":6},"end":{"line":50,"column":7}},"type":"if","locations":[{"start":{"line":48,"column":6},"end":{"line":50,"column":7}},{"start":{},"end":{}}],"line":48},"4":{"loc":{"start":{"line":64,"column":6},"end":{"line":64,"column":86}},"type":"if","locations":[{"start":{"line":64,"column":6},"end":{"line":64,"column":86}},{"start":{},"end":{}}],"line":64},"5":{"loc":{"start":{"line":65,"column":6},"end":{"line":67,"column":7}},"type":"if","locations":[{"start":{"line":65,"column":6},"end":{"line":67,"column":7}},{"start":{},"end":{}}],"line":65},"6":{"loc":{"start":{"line":65,"column":10},"end":{"line":65,"column":44}},"type":"binary-expr","locations":[{"start":{"line":65,"column":10},"end":{"line":65,"column":24}},{"start":{"line":65,"column":28},"end":{"line":65,"column":44}}],"line":65},"7":{"loc":{"start":{"line":68,"column":6},"end":{"line":68,"column":96}},"type":"if","locations":[{"start":{"line":68,"column":6},"end":{"line":68,"column":96}},{"start":{},"end":{}}],"line":68},"8":{"loc":{"start":{"line":84,"column":8},"end":{"line":84,"column":88}},"type":"if","locations":[{"start":{"line":84,"column":8},"end":{"line":84,"column":88}},{"start":{},"end":{}}],"line":84},"9":{"loc":{"start":{"line":85,"column":8},"end":{"line":87,"column":9}},"type":"if","locations":[{"start":{"line":85,"column":8},"end":{"line":87,"column":9}},{"start":{},"end":{}}],"line":85},"10":{"loc":{"start":{"line":85,"column":12},"end":{"line":85,"column":81}},"type":"binary-expr","locations":[{"start":{"line":85,"column":12},"end":{"line":85,"column":21}},{"start":{"line":85,"column":25},"end":{"line":85,"column":36}},{"start":{"line":85,"column":40},"end":{"line":85,"column":55}},{"start":{"line":85,"column":59},"end":{"line":85,"column":81}}],"line":85},"11":{"loc":{"start":{"line":89,"column":8},"end":{"line":91,"column":9}},"type":"if","locations":[{"start":{"line":89,"column":8},"end":{"line":91,"column":9}},{"start":{},"end":{}}],"line":89},"12":{"loc":{"start":{"line":89,"column":12},"end":{"line":89,"column":48}},"type":"binary-expr","locations":[{"start":{"line":89,"column":12},"end":{"line":89,"column":25}},{"start":{"line":89,"column":29},"end":{"line":89,"column":48}}],"line":89},"13":{"loc":{"start":{"line":93,"column":8},"end":{"line":115,"column":9}},"type":"if","locations":[{"start":{"line":93,"column":8},"end":{"line":115,"column":9}},{"start":{"line":104,"column":15},"end":{"line":115,"column":9}}],"line":93},"14":{"loc":{"start":{"line":99,"column":14},"end":{"line":99,"column":104}},"type":"if","locations":[{"start":{"line":99,"column":14},"end":{"line":99,"column":104}},{"start":{},"end":{}}],"line":99},"15":{"loc":{"start":{"line":110,"column":14},"end":{"line":110,"column":102}},"type":"if","locations":[{"start":{"line":110,"column":14},"end":{"line":110,"column":102}},{"start":{},"end":{}}],"line":110},"16":{"loc":{"start":{"line":124,"column":2},"end":{"line":126,"column":3}},"type":"if","locations":[{"start":{"line":124,"column":2},"end":{"line":126,"column":3}},{"start":{},"end":{}}],"line":124},"17":{"loc":{"start":{"line":127,"column":2},"end":{"line":129,"column":3}},"type":"if","locations":[{"start":{"line":127,"column":2},"end":{"line":129,"column":3}},{"start":{},"end":{}}],"line":127},"18":{"loc":{"start":{"line":127,"column":6},"end":{"line":127,"column":94}},"type":"binary-expr","locations":[{"start":{"line":127,"column":6},"end":{"line":127,"column":22}},{"start":{"line":127,"column":26},"end":{"line":127,"column":49}},{"start":{"line":127,"column":53},"end":{"line":127,"column":68}},{"start":{"line":127,"column":72},"end":{"line":127,"column":94}}],"line":127},"19":{"loc":{"start":{"line":130,"column":2},"end":{"line":132,"column":3}},"type":"if","locations":[{"start":{"line":130,"column":2},"end":{"line":132,"column":3}},{"start":{},"end":{}}],"line":130},"20":{"loc":{"start":{"line":130,"column":6},"end":{"line":130,"column":42}},"type":"binary-expr","locations":[{"start":{"line":130,"column":6},"end":{"line":130,"column":19}},{"start":{"line":130,"column":23},"end":{"line":130,"column":42}}],"line":130},"21":{"loc":{"start":{"line":137,"column":6},"end":{"line":137,"column":96}},"type":"if","locations":[{"start":{"line":137,"column":6},"end":{"line":137,"column":96}},{"start":{},"end":{}}],"line":137},"22":{"loc":{"start":{"line":138,"column":6},"end":{"line":140,"column":7}},"type":"if","locations":[{"start":{"line":138,"column":6},"end":{"line":140,"column":7}},{"start":{},"end":{}}],"line":138},"23":{"loc":{"start":{"line":154,"column":4},"end":{"line":154,"column":94}},"type":"if","locations":[{"start":{"line":154,"column":4},"end":{"line":154,"column":94}},{"start":{},"end":{}}],"line":154},"24":{"loc":{"start":{"line":155,"column":4},"end":{"line":157,"column":5}},"type":"if","locations":[{"start":{"line":155,"column":4},"end":{"line":157,"column":5}},{"start":{},"end":{}}],"line":155},"25":{"loc":{"start":{"line":184,"column":4},"end":{"line":188,"column":5}},"type":"if","locations":[{"start":{"line":184,"column":4},"end":{"line":188,"column":5}},{"start":{"line":186,"column":11},"end":{"line":188,"column":5}}],"line":184}},"s":{"0":11,"1":11,"2":11,"3":11,"4":11,"5":2,"6":2,"7":0,"8":2,"9":41,"10":3,"11":2,"12":11,"13":3,"14":3,"15":3,"16":0,"17":3,"18":1,"19":2,"20":11,"21":1,"22":1,"23":1,"24":0,"25":1,"26":0,"27":1,"28":0,"29":1,"30":11,"31":4,"32":4,"33":4,"34":0,"35":4,"36":0,"37":4,"38":1,"39":3,"40":0,"41":0,"42":0,"43":0,"44":3,"45":3,"46":0,"47":3,"48":11,"49":3,"50":3,"51":3,"52":0,"53":3,"54":1,"55":2,"56":0,"57":2,"58":2,"59":0,"60":2,"61":0,"62":2,"63":11,"64":1,"65":1,"66":1,"67":0,"68":1,"69":0,"70":1,"71":11,"72":11,"73":11,"74":3,"75":3,"76":3,"77":0,"78":3,"79":11},"f":{"0":2,"1":2,"2":41,"3":3,"4":3,"5":1,"6":1,"7":4,"8":4,"9":0,"10":3,"11":3,"12":2,"13":1,"14":1,"15":3,"16":3},"b":{"0":[0,2],"1":[3,38],"2":[0,3],"3":[1,2],"4":[0,1],"5":[0,1],"6":[1,1],"7":[0,1],"8":[0,4],"9":[0,4],"10":[4,4,4,4],"11":[1,3],"12":[4,3],"13":[0,3],"14":[0,0],"15":[0,3],"16":[0,3],"17":[1,2],"18":[3,3,3,2],"19":[0,2],"20":[2,2],"21":[0,2],"22":[0,2],"23":[0,1],"24":[0,1],"25":[0,3]},"_coverageSchema":"1a1c01bbd47fc00a2c39e90264f33305004495a9","hash":"aba296466f038801ef406684bcb6ec5fc6a2b468"}
,"C:\\Users\\DELL\\pos-inventory\\backend\\routes\\productRoutes.js": {"path":"C:\\Users\\DELL\\pos-inventory\\backend\\routes\\productRoutes.js","statementMap":{"0":{"start":{"line":1,"column":16},"end":{"line":1,"column":34}},"1":{"start":{"line":2,"column":15},"end":{"line":2,"column":32}},"2":{"start":{"line":3,"column":11},"end":{"line":3,"column":27}},"3":{"start":{"line":4,"column":11},"end":{"line":4,"column":24}},"4":{"start":{"line":5,"column":13},"end":{"line":5,"column":28}},"5":{"start":{"line":7,"column":45},"end":{"line":7,"column":85}},"6":{"start":{"line":9,"column":18},"end":{"line":9,"column":52}},"7":{"start":{"line":10,"column":0},"end":{"line":12,"column":1}},"8":{"start":{"line":11,"column":2},"end":{"line":11,"column":47}},"9":{"start":{"line":13,"column":15},"end":{"line":13,"column":31}},"10":{"start":{"line":15,"column":16},"end":{"line":22,"column":2}},"11":{"start":{"line":17,"column":4},"end":{"line":17,"column":25}},"12":{"start":{"line":20,"column":4},"end":{"line":20,"column":51}},"13":{"start":{"line":23,"column":15},"end":{"line":23,"column":43}},"14":{"start":{"line":26,"column":0},"end":{"line":31,"column":3}},"15":{"start":{"line":27,"column":2},"end":{"line":30,"column":5}},"16":{"start":{"line":28,"column":4},"end":{"line":28,"column":84}},"17":{"start":{"line":28,"column":13},"end":{"line":28,"column":84}},"18":{"start":{"line":29,"column":4},"end":{"line":29,"column":22}},"19":{"start":{"line":33,"column":0},"end":{"line":41,"column":3}},"20":{"start":{"line":34,"column":20},"end":{"line":34,"column":33}},"21":{"start":{"line":35,"column":2},"end":{"line":35,"column":87}},"22":{"start":{"line":35,"column":24},"end":{"line":35,"column":87}},"23":{"start":{"line":36,"column":2},"end":{"line":40,"column":5}},"24":{"start":{"line":37,"column":4},"end":{"line":37,"column":84}},"25":{"start":{"line":37,"column":13},"end":{"line":37,"column":84}},"26":{"start":{"line":38,"column":4},"end":{"line":38,"column":92}},"27":{"start":{"line":38,"column":30},"end":{"line":38,"column":92}},"28":{"start":{"line":39,"column":4},"end":{"line":39,"column":25}},"29":{"start":{"line":43,"column":2},"end":{"line":72,"column":5}},"30":{"start":{"line":44,"column":4},"end":{"line":71,"column":5}},"31":{"start":{"line":45,"column":48},"end":{"line":45,"column":56}},"32":{"start":{"line":46,"column":23},"end":{"line":46,"column":72}},"33":{"start":{"line":48,"column":6},"end":{"line":50,"column":7}},"34":{"start":{"line":49,"column":8},"end":{"line":49,"column":77}},"35":{"start":{"line":52,"column":6},"end":{"line":67,"column":7}},"36":{"start":{"line":53,"column":8},"end":{"line":53,"column":88}},"37":{"start":{"line":53,"column":17},"end":{"line":53,"column":88}},"38":{"start":{"line":54,"column":8},"end":{"line":54,"column":118}},"39":{"start":{"line":54,"column":33},"end":{"line":54,"column":118}},"40":{"start":{"line":56,"column":6},"end":{"line":66,"column":8}},"41":{"start":{"line":60,"column":10},"end":{"line":63,"column":11}},"42":{"start":{"line":61,"column":12},"end":{"line":61,"column":50}},"43":{"start":{"line":62,"column":12},"end":{"line":62,"column":83}},"44":{"start":{"line":64,"column":10},"end":{"line":64,"column":102}},"45":{"start":{"line":69,"column":6},"end":{"line":69,"column":44}},"46":{"start":{"line":70,"column":6},"end":{"line":70,"column":78}},"47":{"start":{"line":75,"column":0},"end":{"line":100,"column":3}},"48":{"start":{"line":76,"column":20},"end":{"line":76,"column":33}},"49":{"start":{"line":77,"column":44},"end":{"line":77,"column":52}},"50":{"start":{"line":78,"column":19},"end":{"line":78,"column":68}},"51":{"start":{"line":81,"column":14},"end":{"line":81,"column":94}},"52":{"start":{"line":82,"column":15},"end":{"line":82,"column":57}},"53":{"start":{"line":84,"column":2},"end":{"line":99,"column":3}},"54":{"start":{"line":85,"column":4},"end":{"line":85,"column":84}},"55":{"start":{"line":85,"column":13},"end":{"line":85,"column":84}},"56":{"start":{"line":86,"column":4},"end":{"line":86,"column":92}},"57":{"start":{"line":86,"column":30},"end":{"line":86,"column":92}},"58":{"start":{"line":88,"column":2},"end":{"line":91,"column":3}},"59":{"start":{"line":89,"column":4},"end":{"line":89,"column":104}},"60":{"start":{"line":90,"column":4},"end":{"line":90,"column":66}},"61":{"start":{"line":92,"column":2},"end":{"line":98,"column":5}},"62":{"start":{"line":93,"column":4},"end":{"line":96,"column":5}},"63":{"start":{"line":94,"column":6},"end":{"line":94,"column":44}},"64":{"start":{"line":95,"column":6},"end":{"line":95,"column":77}},"65":{"start":{"line":97,"column":4},"end":{"line":97,"column":58}},"66":{"start":{"line":102,"column":0},"end":{"line":102,"column":50}},"67":{"start":{"line":105,"column":2},"end":{"line":125,"column":5}},"68":{"start":{"line":106,"column":22},"end":{"line":106,"column":35}},"69":{"start":{"line":108,"column":4},"end":{"line":108,"column":89}},"70":{"start":{"line":108,"column":26},"end":{"line":108,"column":89}},"71":{"start":{"line":110,"column":4},"end":{"line":124,"column":7}},"72":{"start":{"line":111,"column":6},"end":{"line":111,"column":86}},"73":{"start":{"line":111,"column":15},"end":{"line":111,"column":86}},"74":{"start":{"line":112,"column":6},"end":{"line":112,"column":94}},"75":{"start":{"line":112,"column":32},"end":{"line":112,"column":94}},"76":{"start":{"line":114,"column":24},"end":{"line":114,"column":94}},"77":{"start":{"line":116,"column":6},"end":{"line":123,"column":9}},"78":{"start":{"line":117,"column":8},"end":{"line":117,"column":96}},"79":{"start":{"line":117,"column":17},"end":{"line":117,"column":96}},"80":{"start":{"line":119,"column":8},"end":{"line":121,"column":9}},"81":{"start":{"line":120,"column":10},"end":{"line":120,"column":35}},"82":{"start":{"line":122,"column":8},"end":{"line":122,"column":62}},"83":{"start":{"line":126,"column":0},"end":{"line":126,"column":24}}},"fnMap":{"0":{"name":"(anonymous_0)","decl":{"start":{"line":16,"column":15},"end":{"line":16,"column":16}},"loc":{"start":{"line":16,"column":34},"end":{"line":18,"column":3}},"line":16},"1":{"name":"(anonymous_1)","decl":{"start":{"line":19,"column":12},"end":{"line":19,"column":13}},"loc":{"start":{"line":19,"column":31},"end":{"line":21,"column":3}},"line":19},"2":{"name":"(anonymous_2)","decl":{"start":{"line":26,"column":34},"end":{"line":26,"column":35}},"loc":{"start":{"line":26,"column":48},"end":{"line":31,"column":1}},"line":26},"3":{"name":"(anonymous_3)","decl":{"start":{"line":27,"column":37},"end":{"line":27,"column":38}},"loc":{"start":{"line":27,"column":55},"end":{"line":30,"column":3}},"line":27},"4":{"name":"(anonymous_4)","decl":{"start":{"line":33,"column":37},"end":{"line":33,"column":38}},"loc":{"start":{"line":33,"column":51},"end":{"line":41,"column":1}},"line":33},"5":{"name":"(anonymous_5)","decl":{"start":{"line":36,"column":63},"end":{"line":36,"column":64}},"loc":{"start":{"line":36,"column":81},"end":{"line":40,"column":3}},"line":36},"6":{"name":"(anonymous_6)","decl":{"start":{"line":43,"column":77},"end":{"line":43,"column":78}},"loc":{"start":{"line":43,"column":91},"end":{"line":72,"column":3}},"line":43},"7":{"name":"(anonymous_7)","decl":{"start":{"line":52,"column":62},"end":{"line":52,"column":63}},"loc":{"start":{"line":52,"column":81},"end":{"line":67,"column":5}},"line":52},"8":{"name":"(anonymous_8)","decl":{"start":{"line":59,"column":8},"end":{"line":59,"column":9}},"loc":{"start":{"line":59,"column":25},"end":{"line":65,"column":9}},"line":59},"9":{"name":"(anonymous_9)","decl":{"start":{"line":75,"column":77},"end":{"line":75,"column":78}},"loc":{"start":{"line":75,"column":91},"end":{"line":100,"column":1}},"line":75},"10":{"name":"(anonymous_10)","decl":{"start":{"line":84,"column":63},"end":{"line":84,"column":64}},"loc":{"start":{"line":84,"column":81},"end":{"line":99,"column":1}},"line":84},"11":{"name":"(anonymous_11)","decl":{"start":{"line":92,"column":26},"end":{"line":92,"column":27}},"loc":{"start":{"line":92,"column":43},"end":{"line":98,"column":3}},"line":92},"12":{"name":"(anonymous_12)","decl":{"start":{"line":105,"column":58},"end":{"line":105,"column":59}},"loc":{"start":{"line":105,"column":72},"end":{"line":125,"column":3}},"line":105},"13":{"name":"(anonymous_13)","decl":{"start":{"line":110,"column":65},"end":{"line":110,"column":66}},"loc":{"start":{"line":110,"column":83},"end":{"line":124,"column":5}},"line":110},"14":{"name":"(anonymous_14)","decl":{"start":{"line":116,"column":65},"end":{"line":116,"column":66}},"loc":{"start":{"line":116,"column":82},"end":{"line":123,"column":7}},"line":116}},"branchMap":{"0":{"loc":{"start":{"line":10,"column":0},"end":{"line":12,"column":1}},"type":"if","locations":[{"start":{"line":10,"column":0},"end":{"line":12,"column":1}},{"start":{},"end":{}}],"line":10},"1":{"loc":{"start":{"line":28,"column":4},"end":{"line":28,"column":84}},"type":"if","locations":[{"start":{"line":28,"column":4},"end":{"line":28,"column":84}},{"start":{},"end":{}}],"line":28},"2":{"loc":{"start":{"line":35,"column":2},"end":{"line":35,"column":87}},"type":"if","locations":[{"start":{"line":35,"column":2},"end":{"line":35,"column":87}},{"start":{},"end":{}}],"line":35},"3":{"loc":{"start":{"line":37,"column":4},"end":{"line":37,"column":84}},"type":"if","locations":[{"start":{"line":37,"column":4},"end":{"line":37,"column":84}},{"start":{},"end":{}}],"line":37},"4":{"loc":{"start":{"line":38,"column":4},"end":{"line":38,"column":92}},"type":"if","locations":[{"start":{"line":38,"column":4},"end":{"line":38,"column":92}},{"start":{},"end":{}}],"line":38},"5":{"loc":{"start":{"line":46,"column":23},"end":{"line":46,"column":72}},"type":"cond-expr","locations":[{"start":{"line":46,"column":34},"end":{"line":46,"column":65}},{"start":{"line":46,"column":68},"end":{"line":46,"column":72}}],"line":46},"6":{"loc":{"start":{"line":48,"column":6},"end":{"line":50,"column":7}},"type":"if","locations":[{"start":{"line":48,"column":6},"end":{"line":50,"column":7}},{"start":{},"end":{}}],"line":48},"7":{"loc":{"start":{"line":48,"column":10},"end":{"line":48,"column":49}},"type":"binary-expr","locations":[{"start":{"line":48,"column":10},"end":{"line":48,"column":15}},{"start":{"line":48,"column":19},"end":{"line":48,"column":23}},{"start":{"line":48,"column":27},"end":{"line":48,"column":39}},{"start":{"line":48,"column":43},"end":{"line":48,"column":49}}],"line":48},"8":{"loc":{"start":{"line":53,"column":8},"end":{"line":53,"column":88}},"type":"if","locations":[{"start":{"line":53,"column":8},"end":{"line":53,"column":88}},{"start":{},"end":{}}],"line":53},"9":{"loc":{"start":{"line":54,"column":8},"end":{"line":54,"column":118}},"type":"if","locations":[{"start":{"line":54,"column":8},"end":{"line":54,"column":118}},{"start":{},"end":{}}],"line":54},"10":{"loc":{"start":{"line":60,"column":10},"end":{"line":63,"column":11}},"type":"if","locations":[{"start":{"line":60,"column":10},"end":{"line":63,"column":11}},{"start":{},"end":{}}],"line":60},"11":{"loc":{"start":{"line":78,"column":19},"end":{"line":78,"column":68}},"type":"cond-expr","locations":[{"start":{"line":78,"column":30},"end":{"line":78,"column":61}},{"start":{"line":78,"column":64},"end":{"line":78,"column":68}}],"line":78},"12":{"loc":{"start":{"line":85,"column":4},"end":{"line":85,"column":84}},"type":"if","locations":[{"start":{"line":85,"column":4},"end":{"line":85,"column":84}},{"start":{},"end":{}}],"line":85},"13":{"loc":{"start":{"line":86,"column":4},"end":{"line":86,"column":92}},"type":"if","locations":[{"start":{"line":86,"column":4},"end":{"line":86,"column":92}},{"start":{},"end":{}}],"line":86},"14":{"loc":{"start":{"line":88,"column":2},"end":{"line":91,"column":3}},"type":"if","locations":[{"start":{"line":88,"column":2},"end":{"line":91,"column":3}},{"start":{},"end":{}}],"line":88},"15":{"loc":{"start":{"line":93,"column":4},"end":{"line":96,"column":5}},"type":"if","locations":[{"start":{"line":93,"column":4},"end":{"line":96,"column":5}},{"start":{},"end":{}}],"line":93},"16":{"loc":{"start":{"line":108,"column":4},"end":{"line":108,"column":89}},"type":"if","locations":[{"start":{"line":108,"column":4},"end":{"line":108,"column":89}},{"start":{},"end":{}}],"line":108},"17":{"loc":{"start":{"line":111,"column":6},"end":{"line":111,"column":86}},"type":"if","locations":[{"start":{"line":111,"column":6},"end":{"line":111,"column":86}},{"start":{},"end":{}}],"line":111},"18":{"loc":{"start":{"line":112,"column":6},"end":{"line":112,"column":94}},"type":"if","locations":[{"start":{"line":112,"column":6},"end":{"line":112,"column":94}},{"start":{},"end":{}}],"line":112},"19":{"loc":{"start":{"line":114,"column":24},"end":{"line":114,"column":94}},"type":"cond-expr","locations":[{"start":{"line":114,"column":43},"end":{"line":114,"column":87}},{"start":{"line":114,"column":90},"end":{"line":114,"column":94}}],"line":114},"20":{"loc":{"start":{"line":117,"column":8},"end":{"line":117,"column":96}},"type":"if","locations":[{"start":{"line":117,"column":8},"end":{"line":117,"column":96}},{"start":{},"end":{}}],"line":117},"21":{"loc":{"start":{"line":119,"column":8},"end":{"line":121,"column":9}},"type":"if","locations":[{"start":{"line":119,"column":8},"end":{"line":121,"column":9}},{"start":{},"end":{}}],"line":119},"22":{"loc":{"start":{"line":119,"column":12},"end":{"line":119,"column":49}},"type":"binary-expr","locations":[{"start":{"line":119,"column":12},"end":{"line":119,"column":21}},{"start":{"line":119,"column":25},"end":{"line":119,"column":49}}],"line":119}},"s":{"0":11,"1":11,"2":11,"3":11,"4":11,"5":11,"6":11,"7":11,"8":0,"9":11,"10":11,"11":0,"12":0,"13":11,"14":11,"15":2,"16":2,"17":0,"18":2,"19":11,"20":2,"21":2,"22":0,"23":2,"24":2,"25":0,"26":2,"27":1,"28":1,"29":11,"30":5,"31":5,"32":5,"33":5,"34":1,"35":4,"36":4,"37":0,"38":4,"39":1,"40":3,"41":3,"42":0,"43":0,"44":3,"45":0,"46":0,"47":11,"48":2,"49":2,"50":2,"51":2,"52":2,"53":2,"54":2,"55":0,"56":2,"57":1,"58":1,"59":0,"60":0,"61":1,"62":1,"63":0,"64":0,"65":1,"66":11,"67":11,"68":3,"69":3,"70":0,"71":3,"72":3,"73":0,"74":3,"75":1,"76":2,"77":2,"78":2,"79":0,"80":2,"81":0,"82":2,"83":11},"f":{"0":0,"1":0,"2":2,"3":2,"4":2,"5":2,"6":5,"7":4,"8":3,"9":2,"10":2,"11":1,"12":3,"13":3,"14":2},"b":{"0":[0,11],"1":[0,2],"2":[0,2],"3":[0,2],"4":[1,1],"5":[0,5],"6":[1,4],"7":[5,5,4,4],"8":[0,4],"9":[1,3],"10":[0,3],"11":[0,2],"12":[0,2],"13":[1,1],"14":[0,1],"15":[0,1],"16":[0,3],"17":[0,3],"18":[1,2],"19":[0,2],"20":[0,2],"21":[0,2],"22":[2,0]},"_coverageSchema":"1a1c01bbd47fc00a2c39e90264f33305004495a9","hash":"7ed52e510471793fa997c4ca223bd4e689362773"}
,"C:\\Users\\DELL\\pos-inventory\\backend\\routes\\reportsRoutes.js": {"path":"C:\\Users\\DELL\\pos-inventory\\backend\\routes\\reportsRoutes.js","statementMap":{"0":{"start":{"line":1,"column":16},"end":{"line":1,"column":34}},"1":{"start":{"line":2,"column":11},"end":{"line":2,"column":27}},"2":{"start":{"line":3,"column":15},"end":{"line":3,"column":31}},"3":{"start":{"line":4,"column":45},"end":{"line":4,"column":85}},"4":{"start":{"line":5,"column":17},"end":{"line":5,"column":42}},"5":{"start":{"line":6,"column":20},"end":{"line":6,"column":37}},"6":{"start":{"line":7,"column":11},"end":{"line":7,"column":24}},"7":{"start":{"line":10,"column":0},"end":{"line":32,"column":3}},"8":{"start":{"line":11,"column":2},"end":{"line":31,"column":4}},"9":{"start":{"line":18,"column":6},"end":{"line":18,"column":86}},"10":{"start":{"line":18,"column":15},"end":{"line":18,"column":86}},"11":{"start":{"line":19,"column":6},"end":{"line":21,"column":7}},"12":{"start":{"line":20,"column":8},"end":{"line":20,"column":86}},"13":{"start":{"line":22,"column":6},"end":{"line":29,"column":7}},"14":{"start":{"line":23,"column":20},"end":{"line":23,"column":125}},"15":{"start":{"line":24,"column":8},"end":{"line":24,"column":86}},"16":{"start":{"line":25,"column":8},"end":{"line":25,"column":44}},"17":{"start":{"line":26,"column":8},"end":{"line":26,"column":34}},"18":{"start":{"line":28,"column":8},"end":{"line":28,"column":83}},"19":{"start":{"line":35,"column":0},"end":{"line":57,"column":3}},"20":{"start":{"line":36,"column":2},"end":{"line":56,"column":4}},"21":{"start":{"line":43,"column":6},"end":{"line":43,"column":86}},"22":{"start":{"line":43,"column":15},"end":{"line":43,"column":86}},"23":{"start":{"line":44,"column":6},"end":{"line":46,"column":7}},"24":{"start":{"line":45,"column":8},"end":{"line":45,"column":90}},"25":{"start":{"line":47,"column":6},"end":{"line":54,"column":7}},"26":{"start":{"line":48,"column":20},"end":{"line":48,"column":118}},"27":{"start":{"line":49,"column":8},"end":{"line":49,"column":90}},"28":{"start":{"line":50,"column":8},"end":{"line":50,"column":44}},"29":{"start":{"line":51,"column":8},"end":{"line":51,"column":34}},"30":{"start":{"line":53,"column":8},"end":{"line":53,"column":83}},"31":{"start":{"line":60,"column":0},"end":{"line":93,"column":3}},"32":{"start":{"line":61,"column":2},"end":{"line":92,"column":4}},"33":{"start":{"line":68,"column":6},"end":{"line":68,"column":86}},"34":{"start":{"line":68,"column":15},"end":{"line":68,"column":86}},"35":{"start":{"line":69,"column":6},"end":{"line":71,"column":7}},"36":{"start":{"line":70,"column":8},"end":{"line":70,"column":95}},"37":{"start":{"line":72,"column":18},"end":{"line":72,"column":35}},"38":{"start":{"line":73,"column":23},"end":{"line":73,"column":41}},"39":{"start":{"line":74,"column":6},"end":{"line":74,"column":79}},"40":{"start":{"line":75,"column":6},"end":{"line":75,"column":55}},"41":{"start":{"line":77,"column":6},"end":{"line":77,"column":20}},"42":{"start":{"line":78,"column":6},"end":{"line":78,"column":65}},"43":{"start":{"line":79,"column":6},"end":{"line":79,"column":22}},"44":{"start":{"line":81,"column":6},"end":{"line":88,"column":9}},"45":{"start":{"line":82,"column":8},"end":{"line":82,"column":59}},"46":{"start":{"line":83,"column":8},"end":{"line":83,"column":50}},"47":{"start":{"line":84,"column":8},"end":{"line":84,"column":47}},"48":{"start":{"line":85,"column":8},"end":{"line":85,"column":54}},"49":{"start":{"line":86,"column":8},"end":{"line":86,"column":42}},"50":{"start":{"line":87,"column":8},"end":{"line":87,"column":24}},"51":{"start":{"line":90,"column":6},"end":{"line":90,"column":16}},"52":{"start":{"line":95,"column":0},"end":{"line":95,"column":24}}},"fnMap":{"0":{"name":"(anonymous_0)","decl":{"start":{"line":10,"column":59},"end":{"line":10,"column":60}},"loc":{"start":{"line":10,"column":79},"end":{"line":32,"column":1}},"line":10},"1":{"name":"(anonymous_1)","decl":{"start":{"line":17,"column":4},"end":{"line":17,"column":5}},"loc":{"start":{"line":17,"column":22},"end":{"line":30,"column":5}},"line":17},"2":{"name":"(anonymous_2)","decl":{"start":{"line":35,"column":63},"end":{"line":35,"column":64}},"loc":{"start":{"line":35,"column":83},"end":{"line":57,"column":1}},"line":35},"3":{"name":"(anonymous_3)","decl":{"start":{"line":42,"column":4},"end":{"line":42,"column":5}},"loc":{"start":{"line":42,"column":22},"end":{"line":55,"column":5}},"line":42},"4":{"name":"(anonymous_4)","decl":{"start":{"line":60,"column":59},"end":{"line":60,"column":60}},"loc":{"start":{"line":60,"column":73},"end":{"line":93,"column":1}},"line":60},"5":{"name":"(anonymous_5)","decl":{"start":{"line":67,"column":4},"end":{"line":67,"column":5}},"loc":{"start":{"line":67,"column":22},"end":{"line":91,"column":5}},"line":67},"6":{"name":"(anonymous_6)","decl":{"start":{"line":81,"column":22},"end":{"line":81,"column":23}},"loc":{"start":{"line":81,"column":32},"end":{"line":88,"column":7}},"line":81}},"branchMap":{"0":{"loc":{"start":{"line":18,"column":6},"end":{"line":18,"column":86}},"type":"if","locations":[{"start":{"line":18,"column":6},"end":{"line":18,"column":86}},{"start":{},"end":{}}],"line":18},"1":{"loc":{"start":{"line":19,"column":6},"end":{"line":21,"column":7}},"type":"if","locations":[{"start":{"line":19,"column":6},"end":{"line":21,"column":7}},{"start":{},"end":{}}],"line":19},"2":{"loc":{"start":{"line":19,"column":10},"end":{"line":19,"column":42}},"type":"binary-expr","locations":[{"start":{"line":19,"column":10},"end":{"line":19,"column":18}},{"start":{"line":19,"column":22},"end":{"line":19,"column":42}}],"line":19},"3":{"loc":{"start":{"line":43,"column":6},"end":{"line":43,"column":86}},"type":"if","locations":[{"start":{"line":43,"column":6},"end":{"line":43,"column":86}},{"start":{},"end":{}}],"line":43},"4":{"loc":{"start":{"line":44,"column":6},"end":{"line":46,"column":7}},"type":"if","locations":[{"start":{"line":44,"column":6},"end":{"line":46,"column":7}},{"start":{},"end":{}}],"line":44},"5":{"loc":{"start":{"line":44,"column":10},"end":{"line":44,"column":42}},"type":"binary-expr","locations":[{"start":{"line":44,"column":10},"end":{"line":44,"column":18}},{"start":{"line":44,"column":22},"end":{"line":44,"column":42}}],"line":44},"6":{"loc":{"start":{"line":68,"column":6},"end":{"line":68,"column":86}},"type":"if","locations":[{"start":{"line":68,"column":6},"end":{"line":68,"column":86}},{"start":{},"end":{}}],"line":68},"7":{"loc":{"start":{"line":69,"column":6},"end":{"line":71,"column":7}},"type":"if","locations":[{"start":{"line":69,"column":6},"end":{"line":71,"column":7}},{"start":{},"end":{}}],"line":69},"8":{"loc":{"start":{"line":69,"column":10},"end":{"line":69,"column":42}},"type":"binary-expr","locations":[{"start":{"line":69,"column":10},"end":{"line":69,"column":18}},{"start":{"line":69,"column":22},"end":{"line":69,"column":42}}],"line":69}},"s":{"0":11,"1":11,"2":11,"3":11,"4":11,"5":11,"6":11,"7":11,"8":1,"9":1,"10":0,"11":1,"12":0,"13":1,"14":1,"15":1,"16":1,"17":1,"18":0,"19":11,"20":1,"21":1,"22":0,"23":1,"24":0,"25":1,"26":1,"27":1,"28":1,"29":1,"30":0,"31":11,"32":1,"33":1,"34":0,"35":1,"36":0,"37":1,"38":1,"39":1,"40":1,"41":1,"42":1,"43":1,"44":1,"45":14,"46":14,"47":14,"48":14,"49":14,"50":14,"51":1,"52":11},"f":{"0":1,"1":1,"2":1,"3":1,"4":1,"5":1,"6":14},"b":{"0":[0,1],"1":[0,1],"2":[1,1],"3":[0,1],"4":[0,1],"5":[1,1],"6":[0,1],"7":[0,1],"8":[1,1]},"_coverageSchema":"1a1c01bbd47fc00a2c39e90264f33305004495a9","hash":"4c96fa0bb43a809bdfc65e6476d4fd9062a360cd"}
,"C:\\Users\\DELL\\pos-inventory\\backend\\routes\\salesRoutes.js": {"path":"C:\\Users\\DELL\\pos-inventory\\backend\\routes\\salesRoutes.js","statementMap":{"0":{"start":{"line":1,"column":16},"end":{"line":1,"column":34}},"1":{"start":{"line":2,"column":11},"end":{"line":2,"column":27}},"2":{"start":{"line":3,"column":15},"end":{"line":3,"column":31}},"3":{"start":{"line":6,"column":64},"end":{"line":6,"column":104}},"4":{"start":{"line":8,"column":0},"end":{"line":8,"column":24}},"5":{"start":{"line":12,"column":0},"end":{"line":24,"column":3}},"6":{"start":{"line":13,"column":2},"end":{"line":23,"column":4}},"7":{"start":{"line":20,"column":6},"end":{"line":20,"column":107}},"8":{"start":{"line":20,"column":15},"end":{"line":20,"column":107}},"9":{"start":{"line":21,"column":6},"end":{"line":21,"column":24}},"10":{"start":{"line":28,"column":0},"end":{"line":47,"column":3}},"11":{"start":{"line":29,"column":18},"end":{"line":29,"column":44}},"12":{"start":{"line":30,"column":2},"end":{"line":32,"column":3}},"13":{"start":{"line":31,"column":4},"end":{"line":31,"column":93}},"14":{"start":{"line":33,"column":2},"end":{"line":46,"column":4}},"15":{"start":{"line":43,"column":6},"end":{"line":43,"column":86}},"16":{"start":{"line":43,"column":15},"end":{"line":43,"column":86}},"17":{"start":{"line":44,"column":6},"end":{"line":44,"column":24}},"18":{"start":{"line":51,"column":0},"end":{"line":106,"column":3}},"19":{"start":{"line":52,"column":45},"end":{"line":52,"column":53}},"20":{"start":{"line":54,"column":4},"end":{"line":56,"column":5}},"21":{"start":{"line":55,"column":6},"end":{"line":55,"column":98}},"22":{"start":{"line":57,"column":4},"end":{"line":59,"column":5}},"23":{"start":{"line":58,"column":6},"end":{"line":58,"column":132}},"24":{"start":{"line":62,"column":2},"end":{"line":105,"column":4}},"25":{"start":{"line":66,"column":6},"end":{"line":66,"column":86}},"26":{"start":{"line":66,"column":15},"end":{"line":66,"column":86}},"27":{"start":{"line":68,"column":6},"end":{"line":70,"column":7}},"28":{"start":{"line":69,"column":8},"end":{"line":69,"column":109}},"29":{"start":{"line":72,"column":29},"end":{"line":72,"column":48}},"30":{"start":{"line":73,"column":27},"end":{"line":73,"column":43}},"31":{"start":{"line":75,"column":6},"end":{"line":77,"column":7}},"32":{"start":{"line":76,"column":8},"end":{"line":76,"column":88}},"33":{"start":{"line":79,"column":26},"end":{"line":79,"column":49}},"34":{"start":{"line":82,"column":6},"end":{"line":103,"column":8}},"35":{"start":{"line":86,"column":10},"end":{"line":86,"column":96}},"36":{"start":{"line":86,"column":19},"end":{"line":86,"column":96}},"37":{"start":{"line":89,"column":10},"end":{"line":101,"column":12}},"38":{"start":{"line":93,"column":14},"end":{"line":93,"column":104}},"39":{"start":{"line":93,"column":23},"end":{"line":93,"column":104}},"40":{"start":{"line":95,"column":14},"end":{"line":99,"column":17}},"41":{"start":{"line":110,"column":2},"end":{"line":126,"column":5}},"42":{"start":{"line":111,"column":19},"end":{"line":111,"column":32}},"43":{"start":{"line":113,"column":4},"end":{"line":115,"column":5}},"44":{"start":{"line":114,"column":6},"end":{"line":114,"column":66}},"45":{"start":{"line":117,"column":4},"end":{"line":125,"column":7}},"46":{"start":{"line":118,"column":6},"end":{"line":118,"column":106}},"47":{"start":{"line":118,"column":15},"end":{"line":118,"column":106}},"48":{"start":{"line":120,"column":6},"end":{"line":122,"column":7}},"49":{"start":{"line":121,"column":8},"end":{"line":121,"column":67}},"50":{"start":{"line":124,"column":6},"end":{"line":124,"column":57}},"51":{"start":{"line":128,"column":0},"end":{"line":128,"column":24}}},"fnMap":{"0":{"name":"(anonymous_0)","decl":{"start":{"line":12,"column":35},"end":{"line":12,"column":36}},"loc":{"start":{"line":12,"column":49},"end":{"line":24,"column":1}},"line":12},"1":{"name":"(anonymous_1)","decl":{"start":{"line":19,"column":4},"end":{"line":19,"column":5}},"loc":{"start":{"line":19,"column":22},"end":{"line":22,"column":5}},"line":19},"2":{"name":"(anonymous_2)","decl":{"start":{"line":28,"column":49},"end":{"line":28,"column":50}},"loc":{"start":{"line":28,"column":63},"end":{"line":47,"column":1}},"line":28},"3":{"name":"(anonymous_3)","decl":{"start":{"line":42,"column":4},"end":{"line":42,"column":5}},"loc":{"start":{"line":42,"column":22},"end":{"line":45,"column":5}},"line":42},"4":{"name":"(anonymous_4)","decl":{"start":{"line":51,"column":35},"end":{"line":51,"column":36}},"loc":{"start":{"line":51,"column":49},"end":{"line":106,"column":1}},"line":51},"5":{"name":"(anonymous_5)","decl":{"start":{"line":65,"column":4},"end":{"line":65,"column":5}},"loc":{"start":{"line":65,"column":22},"end":{"line":104,"column":5}},"line":65},"6":{"name":"(anonymous_6)","decl":{"start":{"line":85,"column":8},"end":{"line":85,"column":9}},"loc":{"start":{"line":85,"column":25},"end":{"line":102,"column":9}},"line":85},"7":{"name":"(anonymous_7)","decl":{"start":{"line":92,"column":12},"end":{"line":92,"column":13}},"loc":{"start":{"line":92,"column":35},"end":{"line":100,"column":13}},"line":92},"8":{"name":"(anonymous_8)","decl":{"start":{"line":110,"column":58},"end":{"line":110,"column":59}},"loc":{"start":{"line":110,"column":72},"end":{"line":126,"column":3}},"line":110},"9":{"name":"(anonymous_9)","decl":{"start":{"line":117,"column":57},"end":{"line":117,"column":58}},"loc":{"start":{"line":117,"column":74},"end":{"line":125,"column":5}},"line":117}},"branchMap":{"0":{"loc":{"start":{"line":20,"column":6},"end":{"line":20,"column":107}},"type":"if","locations":[{"start":{"line":20,"column":6},"end":{"line":20,"column":107}},{"start":{},"end":{}}],"line":20},"1":{"loc":{"start":{"line":30,"column":2},"end":{"line":32,"column":3}},"type":"if","locations":[{"start":{"line":30,"column":2},"end":{"line":32,"column":3}},{"start":{},"end":{}}],"line":30},"2":{"loc":{"start":{"line":30,"column":6},"end":{"line":30,"column":48}},"type":"binary-expr","locations":[{"start":{"line":30,"column":6},"end":{"line":30,"column":32}},{"start":{"line":30,"column":36},"end":{"line":30,"column":48}}],"line":30},"3":{"loc":{"start":{"line":43,"column":6},"end":{"line":43,"column":86}},"type":"if","locations":[{"start":{"line":43,"column":6},"end":{"line":43,"column":86}},{"start":{},"end":{}}],"line":43},"4":{"loc":{"start":{"line":54,"column":4},"end":{"line":56,"column":5}},"type":"if","locations":[{"start":{"line":54,"column":4},"end":{"line":56,"column":5}},{"start":{},"end":{}}],"line":54},"5":{"loc":{"start":{"line":54,"column":8},"end":{"line":54,"column":45}},"type":"binary-expr","locations":[{"start":{"line":54,"column":8},"end":{"line":54,"column":17}},{"start":{"line":54,"column":21},"end":{"line":54,"column":32}},{"start":{"line":54,"column":36},"end":{"line":54,"column":45}}],"line":54},"6":{"loc":{"start":{"line":57,"column":4},"end":{"line":59,"column":5}},"type":"if","locations":[{"start":{"line":57,"column":4},"end":{"line":59,"column":5}},{"start":{},"end":{}}],"line":57},"7":{"loc":{"start":{"line":57,"column":8},"end":{"line":57,"column":80}},"type":"binary-expr","locations":[{"start":{"line":57,"column":8},"end":{"line":57,"column":23}},{"start":{"line":57,"column":27},"end":{"line":57,"column":44}},{"start":{"line":57,"column":48},"end":{"line":57,"column":63}},{"start":{"line":57,"column":67},"end":{"line":57,"column":80}}],"line":57},"8":{"loc":{"start":{"line":66,"column":6},"end":{"line":66,"column":86}},"type":"if","locations":[{"start":{"line":66,"column":6},"end":{"line":66,"column":86}},{"start":{},"end":{}}],"line":66},"9":{"loc":{"start":{"line":68,"column":6},"end":{"line":70,"column":7}},"type":"if","locations":[{"start":{"line":68,"column":6},"end":{"line":70,"column":7}},{"start":{},"end":{}}],"line":68},"10":{"loc":{"start":{"line":75,"column":6},"end":{"line":77,"column":7}},"type":"if","locations":[{"start":{"line":75,"column":6},"end":{"line":77,"column":7}},{"start":{},"end":{}}],"line":75},"11":{"loc":{"start":{"line":86,"column":10},"end":{"line":86,"column":96}},"type":"if","locations":[{"start":{"line":86,"column":10},"end":{"line":86,"column":96}},{"start":{},"end":{}}],"line":86},"12":{"loc":{"start":{"line":93,"column":14},"end":{"line":93,"column":104}},"type":"if","locations":[{"start":{"line":93,"column":14},"end":{"line":93,"column":104}},{"start":{},"end":{}}],"line":93},"13":{"loc":{"start":{"line":113,"column":4},"end":{"line":115,"column":5}},"type":"if","locations":[{"start":{"line":113,"column":4},"end":{"line":115,"column":5}},{"start":{},"end":{}}],"line":113},"14":{"loc":{"start":{"line":118,"column":6},"end":{"line":118,"column":106}},"type":"if","locations":[{"start":{"line":118,"column":6},"end":{"line":118,"column":106}},{"start":{},"end":{}}],"line":118},"15":{"loc":{"start":{"line":120,"column":6},"end":{"line":122,"column":7}},"type":"if","locations":[{"start":{"line":120,"column":6},"end":{"line":122,"column":7}},{"start":{},"end":{}}],"line":120}},"s":{"0":11,"1":11,"2":11,"3":11,"4":11,"5":11,"6":2,"7":2,"8":0,"9":2,"10":11,"11":2,"12":2,"13":1,"14":1,"15":1,"16":0,"17":1,"18":11,"19":3,"20":3,"21":0,"22":3,"23":1,"24":2,"25":2,"26":0,"27":2,"28":0,"29":2,"30":2,"31":2,"32":0,"33":2,"34":2,"35":2,"36":0,"37":2,"38":2,"39":0,"40":2,"41":11,"42":4,"43":4,"44":1,"45":3,"46":3,"47":0,"48":3,"49":1,"50":2,"51":11},"f":{"0":2,"1":2,"2":2,"3":1,"4":3,"5":2,"6":2,"7":2,"8":4,"9":3},"b":{"0":[0,2],"1":[1,1],"2":[2,1],"3":[0,1],"4":[0,3],"5":[3,3,3],"6":[1,2],"7":[3,2,2,2],"8":[0,2],"9":[0,2],"10":[0,2],"11":[0,2],"12":[0,2],"13":[1,3],"14":[0,3],"15":[1,2]},"_coverageSchema":"1a1c01bbd47fc00a2c39e90264f33305004495a9","hash":"f584b741ea8980ecc5ae9d987008290f2a957139"}
,"C:\\Users\\DELL\\pos-inventory\\backend\\routes\\stockTransferRoutes.js": {"path":"C:\\Users\\DELL\\pos-inventory\\backend\\routes\\stockTransferRoutes.js","statementMap":{"0":{"start":{"line":1,"column":16},"end":{"line":1,"column":34}},"1":{"start":{"line":2,"column":11},"end":{"line":2,"column":27}},"2":{"start":{"line":3,"column":15},"end":{"line":3,"column":31}},"3":{"start":{"line":4,"column":64},"end":{"line":4,"column":104}},"4":{"start":{"line":6,"column":0},"end":{"line":28,"column":3}},"5":{"start":{"line":7,"column":33},"end":{"line":7,"column":43}},"6":{"start":{"line":8,"column":21},"end":{"line":8,"column":36}},"7":{"start":{"line":9,"column":23},"end":{"line":9,"column":40}},"8":{"start":{"line":11,"column":2},"end":{"line":13,"column":3}},"9":{"start":{"line":12,"column":4},"end":{"line":12,"column":114}},"10":{"start":{"line":14,"column":2},"end":{"line":27,"column":4}},"11":{"start":{"line":18,"column":6},"end":{"line":18,"column":86}},"12":{"start":{"line":18,"column":15},"end":{"line":18,"column":86}},"13":{"start":{"line":21,"column":6},"end":{"line":23,"column":7}},"14":{"start":{"line":22,"column":8},"end":{"line":22,"column":41}},"15":{"start":{"line":25,"column":6},"end":{"line":25,"column":27}},"16":{"start":{"line":30,"column":0},"end":{"line":45,"column":3}},"17":{"start":{"line":31,"column":2},"end":{"line":44,"column":4}},"18":{"start":{"line":41,"column":6},"end":{"line":41,"column":86}},"19":{"start":{"line":41,"column":15},"end":{"line":41,"column":86}},"20":{"start":{"line":42,"column":6},"end":{"line":42,"column":24}},"21":{"start":{"line":48,"column":0},"end":{"line":137,"column":3}},"22":{"start":{"line":49,"column":63},"end":{"line":49,"column":71}},"23":{"start":{"line":50,"column":2},"end":{"line":52,"column":3}},"24":{"start":{"line":51,"column":4},"end":{"line":51,"column":122}},"25":{"start":{"line":53,"column":2},"end":{"line":55,"column":3}},"26":{"start":{"line":54,"column":4},"end":{"line":54,"column":92}},"27":{"start":{"line":56,"column":2},"end":{"line":58,"column":3}},"28":{"start":{"line":57,"column":4},"end":{"line":57,"column":80}},"29":{"start":{"line":60,"column":2},"end":{"line":136,"column":4}},"30":{"start":{"line":64,"column":6},"end":{"line":64,"column":86}},"31":{"start":{"line":64,"column":15},"end":{"line":64,"column":86}},"32":{"start":{"line":66,"column":6},"end":{"line":68,"column":7}},"33":{"start":{"line":67,"column":8},"end":{"line":67,"column":100}},"34":{"start":{"line":70,"column":29},"end":{"line":70,"column":48}},"35":{"start":{"line":72,"column":6},"end":{"line":74,"column":7}},"36":{"start":{"line":73,"column":8},"end":{"line":73,"column":92}},"37":{"start":{"line":77,"column":6},"end":{"line":134,"column":8}},"38":{"start":{"line":81,"column":10},"end":{"line":81,"column":113}},"39":{"start":{"line":81,"column":19},"end":{"line":81,"column":113}},"40":{"start":{"line":84,"column":10},"end":{"line":132,"column":12}},"41":{"start":{"line":88,"column":14},"end":{"line":88,"column":94}},"42":{"start":{"line":88,"column":23},"end":{"line":88,"column":94}},"43":{"start":{"line":90,"column":14},"end":{"line":130,"column":15}},"44":{"start":{"line":92,"column":16},"end":{"line":109,"column":18}},"45":{"start":{"line":96,"column":20},"end":{"line":96,"column":128}},"46":{"start":{"line":96,"column":29},"end":{"line":96,"column":128}},"47":{"start":{"line":99,"column":20},"end":{"line":107,"column":22}},"48":{"start":{"line":103,"column":24},"end":{"line":103,"column":120}},"49":{"start":{"line":103,"column":33},"end":{"line":103,"column":120}},"50":{"start":{"line":105,"column":24},"end":{"line":105,"column":129}},"51":{"start":{"line":112,"column":16},"end":{"line":129,"column":18}},"52":{"start":{"line":116,"column":20},"end":{"line":116,"column":134}},"53":{"start":{"line":116,"column":29},"end":{"line":116,"column":134}},"54":{"start":{"line":119,"column":20},"end":{"line":127,"column":22}},"55":{"start":{"line":123,"column":24},"end":{"line":123,"column":120}},"56":{"start":{"line":123,"column":33},"end":{"line":123,"column":120}},"57":{"start":{"line":125,"column":24},"end":{"line":125,"column":129}},"58":{"start":{"line":139,"column":0},"end":{"line":151,"column":3}},"59":{"start":{"line":140,"column":21},"end":{"line":140,"column":34}},"60":{"start":{"line":141,"column":2},"end":{"line":143,"column":3}},"61":{"start":{"line":142,"column":4},"end":{"line":142,"column":68}},"62":{"start":{"line":144,"column":2},"end":{"line":150,"column":5}},"63":{"start":{"line":145,"column":4},"end":{"line":145,"column":99}},"64":{"start":{"line":145,"column":13},"end":{"line":145,"column":99}},"65":{"start":{"line":146,"column":4},"end":{"line":148,"column":5}},"66":{"start":{"line":147,"column":6},"end":{"line":147,"column":75}},"67":{"start":{"line":149,"column":4},"end":{"line":149,"column":65}},"68":{"start":{"line":153,"column":0},"end":{"line":153,"column":24}}},"fnMap":{"0":{"name":"(anonymous_0)","decl":{"start":{"line":6,"column":67},"end":{"line":6,"column":68}},"loc":{"start":{"line":6,"column":81},"end":{"line":28,"column":1}},"line":6},"1":{"name":"(anonymous_1)","decl":{"start":{"line":17,"column":4},"end":{"line":17,"column":5}},"loc":{"start":{"line":17,"column":22},"end":{"line":26,"column":5}},"line":17},"2":{"name":"(anonymous_2)","decl":{"start":{"line":30,"column":34},"end":{"line":30,"column":35}},"loc":{"start":{"line":30,"column":48},"end":{"line":45,"column":1}},"line":30},"3":{"name":"(anonymous_3)","decl":{"start":{"line":40,"column":4},"end":{"line":40,"column":5}},"loc":{"start":{"line":40,"column":22},"end":{"line":43,"column":5}},"line":40},"4":{"name":"(anonymous_4)","decl":{"start":{"line":48,"column":51},"end":{"line":48,"column":52}},"loc":{"start":{"line":48,"column":65},"end":{"line":137,"column":1}},"line":48},"5":{"name":"(anonymous_5)","decl":{"start":{"line":63,"column":4},"end":{"line":63,"column":5}},"loc":{"start":{"line":63,"column":22},"end":{"line":135,"column":5}},"line":63},"6":{"name":"(anonymous_6)","decl":{"start":{"line":80,"column":8},"end":{"line":80,"column":9}},"loc":{"start":{"line":80,"column":31},"end":{"line":133,"column":9}},"line":80},"7":{"name":"(anonymous_7)","decl":{"start":{"line":87,"column":12},"end":{"line":87,"column":13}},"loc":{"start":{"line":87,"column":34},"end":{"line":131,"column":13}},"line":87},"8":{"name":"(anonymous_8)","decl":{"start":{"line":95,"column":18},"end":{"line":95,"column":19}},"loc":{"start":{"line":95,"column":45},"end":{"line":108,"column":19}},"line":95},"9":{"name":"(anonymous_9)","decl":{"start":{"line":102,"column":22},"end":{"line":102,"column":23}},"loc":{"start":{"line":102,"column":47},"end":{"line":106,"column":23}},"line":102},"10":{"name":"(anonymous_10)","decl":{"start":{"line":115,"column":18},"end":{"line":115,"column":19}},"loc":{"start":{"line":115,"column":41},"end":{"line":128,"column":19}},"line":115},"11":{"name":"(anonymous_11)","decl":{"start":{"line":122,"column":22},"end":{"line":122,"column":23}},"loc":{"start":{"line":122,"column":47},"end":{"line":126,"column":23}},"line":122},"12":{"name":"(anonymous_12)","decl":{"start":{"line":139,"column":56},"end":{"line":139,"column":57}},"loc":{"start":{"line":139,"column":70},"end":{"line":151,"column":1}},"line":139},"13":{"name":"(anonymous_13)","decl":{"start":{"line":144,"column":69},"end":{"line":144,"column":70}},"loc":{"start":{"line":144,"column":86},"end":{"line":150,"column":3}},"line":144}},"branchMap":{"0":{"loc":{"start":{"line":11,"column":2},"end":{"line":13,"column":3}},"type":"if","locations":[{"start":{"line":11,"column":2},"end":{"line":13,"column":3}},{"start":{},"end":{}}],"line":11},"1":{"loc":{"start":{"line":11,"column":6},"end":{"line":11,"column":112}},"type":"binary-expr","locations":[{"start":{"line":11,"column":6},"end":{"line":11,"column":14}},{"start":{"line":11,"column":18},"end":{"line":11,"column":28}},{"start":{"line":11,"column":32},"end":{"line":11,"column":49}},{"start":{"line":11,"column":53},"end":{"line":11,"column":72}},{"start":{"line":11,"column":76},"end":{"line":11,"column":91}},{"start":{"line":11,"column":95},"end":{"line":11,"column":112}}],"line":11},"2":{"loc":{"start":{"line":18,"column":6},"end":{"line":18,"column":86}},"type":"if","locations":[{"start":{"line":18,"column":6},"end":{"line":18,"column":86}},{"start":{},"end":{}}],"line":18},"3":{"loc":{"start":{"line":21,"column":6},"end":{"line":23,"column":7}},"type":"if","locations":[{"start":{"line":21,"column":6},"end":{"line":23,"column":7}},{"start":{},"end":{}}],"line":21},"4":{"loc":{"start":{"line":41,"column":6},"end":{"line":41,"column":86}},"type":"if","locations":[{"start":{"line":41,"column":6},"end":{"line":41,"column":86}},{"start":{},"end":{}}],"line":41},"5":{"loc":{"start":{"line":50,"column":2},"end":{"line":52,"column":3}},"type":"if","locations":[{"start":{"line":50,"column":2},"end":{"line":52,"column":3}},{"start":{},"end":{}}],"line":50},"6":{"loc":{"start":{"line":50,"column":6},"end":{"line":50,"column":64}},"type":"binary-expr","locations":[{"start":{"line":50,"column":6},"end":{"line":50,"column":20}},{"start":{"line":50,"column":24},"end":{"line":50,"column":36}},{"start":{"line":50,"column":40},"end":{"line":50,"column":51}},{"start":{"line":50,"column":55},"end":{"line":50,"column":64}}],"line":50},"7":{"loc":{"start":{"line":53,"column":2},"end":{"line":55,"column":3}},"type":"if","locations":[{"start":{"line":53,"column":2},"end":{"line":55,"column":3}},{"start":{},"end":{}}],"line":53},"8":{"loc":{"start":{"line":56,"column":2},"end":{"line":58,"column":3}},"type":"if","locations":[{"start":{"line":56,"column":2},"end":{"line":58,"column":3}},{"start":{},"end":{}}],"line":56},"9":{"loc":{"start":{"line":64,"column":6},"end":{"line":64,"column":86}},"type":"if","locations":[{"start":{"line":64,"column":6},"end":{"line":64,"column":86}},{"start":{},"end":{}}],"line":64},"10":{"loc":{"start":{"line":66,"column":6},"end":{"line":68,"column":7}},"type":"if","locations":[{"start":{"line":66,"column":6},"end":{"line":68,"column":7}},{"start":{},"end":{}}],"line":66},"11":{"loc":{"start":{"line":72,"column":6},"end":{"line":74,"column":7}},"type":"if","locations":[{"start":{"line":72,"column":6},"end":{"line":74,"column":7}},{"start":{},"end":{}}],"line":72},"12":{"loc":{"start":{"line":81,"column":10},"end":{"line":81,"column":113}},"type":"if","locations":[{"start":{"line":81,"column":10},"end":{"line":81,"column":113}},{"start":{},"end":{}}],"line":81},"13":{"loc":{"start":{"line":88,"column":14},"end":{"line":88,"column":94}},"type":"if","locations":[{"start":{"line":88,"column":14},"end":{"line":88,"column":94}},{"start":{},"end":{}}],"line":88},"14":{"loc":{"start":{"line":90,"column":14},"end":{"line":130,"column":15}},"type":"if","locations":[{"start":{"line":90,"column":14},"end":{"line":130,"column":15}},{"start":{"line":110,"column":21},"end":{"line":130,"column":15}}],"line":90},"15":{"loc":{"start":{"line":96,"column":20},"end":{"line":96,"column":128}},"type":"if","locations":[{"start":{"line":96,"column":20},"end":{"line":96,"column":128}},{"start":{},"end":{}}],"line":96},"16":{"loc":{"start":{"line":103,"column":24},"end":{"line":103,"column":120}},"type":"if","locations":[{"start":{"line":103,"column":24},"end":{"line":103,"column":120}},{"start":{},"end":{}}],"line":103},"17":{"loc":{"start":{"line":116,"column":20},"end":{"line":116,"column":134}},"type":"if","locations":[{"start":{"line":116,"column":20},"end":{"line":116,"column":134}},{"start":{},"end":{}}],"line":116},"18":{"loc":{"start":{"line":123,"column":24},"end":{"line":123,"column":120}},"type":"if","locations":[{"start":{"line":123,"column":24},"end":{"line":123,"column":120}},{"start":{},"end":{}}],"line":123},"19":{"loc":{"start":{"line":141,"column":2},"end":{"line":143,"column":3}},"type":"if","locations":[{"start":{"line":141,"column":2},"end":{"line":143,"column":3}},{"start":{},"end":{}}],"line":141},"20":{"loc":{"start":{"line":145,"column":4},"end":{"line":145,"column":99}},"type":"if","locations":[{"start":{"line":145,"column":4},"end":{"line":145,"column":99}},{"start":{},"end":{}}],"line":145},"21":{"loc":{"start":{"line":146,"column":4},"end":{"line":148,"column":5}},"type":"if","locations":[{"start":{"line":146,"column":4},"end":{"line":148,"column":5
[...]
,"C:\\Users\\DELL\\pos-inventory\\backend\\routes\\storeRoutes.js": {"path":"C:\\Users\\DELL\\pos-inventory\\backend\\routes\\storeRoutes.js","statementMap":{"0":{"start":{"line":1,"column":16},"end":{"line":1,"column":34}},"1":{"start":{"line":2,"column":11},"end":{"line":2,"column":27}},"2":{"start":{"line":4,"column":15},"end":{"line":4,"column":31}},"3":{"start":{"line":6,"column":64},"end":{"line":6,"column":104}},"4":{"start":{"line":11,"column":0},"end":{"line":16,"column":3}},"5":{"start":{"line":12,"column":2},"end":{"line":15,"column":5}},"6":{"start":{"line":13,"column":4},"end":{"line":13,"column":84}},"7":{"start":{"line":13,"column":13},"end":{"line":13,"column":84}},"8":{"start":{"line":14,"column":4},"end":{"line":14,"column":22}},"9":{"start":{"line":20,"column":0},"end":{"line":27,"column":3}},"10":{"start":{"line":21,"column":18},"end":{"line":21,"column":31}},"11":{"start":{"line":22,"column":2},"end":{"line":26,"column":5}},"12":{"start":{"line":23,"column":4},"end":{"line":23,"column":84}},"13":{"start":{"line":23,"column":13},"end":{"line":23,"column":84}},"14":{"start":{"line":24,"column":4},"end":{"line":24,"column":90}},"15":{"start":{"line":24,"column":30},"end":{"line":24,"column":90}},"16":{"start":{"line":25,"column":4},"end":{"line":25,"column":25}},"17":{"start":{"line":44,"column":0},"end":{"line":67,"column":3}},"18":{"start":{"line":45,"column":29},"end":{"line":45,"column":37}},"19":{"start":{"line":47,"column":2},"end":{"line":49,"column":3}},"20":{"start":{"line":48,"column":4},"end":{"line":48,"column":85}},"21":{"start":{"line":52,"column":2},"end":{"line":66,"column":5}},"22":{"start":{"line":53,"column":4},"end":{"line":53,"column":84}},"23":{"start":{"line":53,"column":13},"end":{"line":53,"column":84}},"24":{"start":{"line":54,"column":4},"end":{"line":56,"column":5}},"25":{"start":{"line":55,"column":6},"end":{"line":55,"column":76}},"26":{"start":{"line":58,"column":4},"end":{"line":65,"column":6}},"27":{"start":{"line":62,"column":8},"end":{"line":62,"column":92}},"28":{"start":{"line":62,"column":17},"end":{"line":62,"column":92}},"29":{"start":{"line":63,"column":8},"end":{"line":63,"column":96}},"30":{"start":{"line":84,"column":0},"end":{"line":109,"column":3}},"31":{"start":{"line":85,"column":18},"end":{"line":85,"column":31}},"32":{"start":{"line":86,"column":29},"end":{"line":86,"column":37}},"33":{"start":{"line":88,"column":2},"end":{"line":90,"column":3}},"34":{"start":{"line":89,"column":4},"end":{"line":89,"column":85}},"35":{"start":{"line":93,"column":2},"end":{"line":108,"column":5}},"36":{"start":{"line":94,"column":4},"end":{"line":94,"column":84}},"37":{"start":{"line":94,"column":13},"end":{"line":94,"column":84}},"38":{"start":{"line":95,"column":4},"end":{"line":97,"column":5}},"39":{"start":{"line":96,"column":6},"end":{"line":96,"column":94}},"40":{"start":{"line":99,"column":4},"end":{"line":107,"column":6}},"41":{"start":{"line":103,"column":8},"end":{"line":103,"column":94}},"42":{"start":{"line":103,"column":17},"end":{"line":103,"column":94}},"43":{"start":{"line":104,"column":8},"end":{"line":104,"column":99}},"44":{"start":{"line":104,"column":39},"end":{"line":104,"column":99}},"45":{"start":{"line":105,"column":8},"end":{"line":105,"column":60}},"46":{"start":{"line":113,"column":0},"end":{"line":119,"column":3}},"47":{"start":{"line":114,"column":18},"end":{"line":114,"column":31}},"48":{"start":{"line":115,"column":2},"end":{"line":118,"column":5}},"49":{"start":{"line":116,"column":4},"end":{"line":116,"column":90}},"50":{"start":{"line":116,"column":13},"end":{"line":116,"column":90}},"51":{"start":{"line":117,"column":4},"end":{"line":117,"column":56}},"52":{"start":{"line":121,"column":0},"end":{"line":121,"column":24}}},"fnMap":{"0":{"name":"(anonymous_0)","decl":{"start":{"line":11,"column":34},"end":{"line":11,"column":35}},"loc":{"start":{"line":11,"column":48},"end":{"line":16,"column":1}},"line":11},"1":{"name":"(anonymous_1)","decl":{"start":{"line":12,"column":35},"end":{"line":12,"column":36}},"loc":{"start":{"line":12,"column":53},"end":{"line":15,"column":3}},"line":12},"2":{"name":"(anonymous_2)","decl":{"start":{"line":20,"column":37},"end":{"line":20,"column":38}},"loc":{"start":{"line":20,"column":51},"end":{"line":27,"column":1}},"line":20},"3":{"name":"(anonymous_3)","decl":{"start":{"line":22,"column":59},"end":{"line":22,"column":60}},"loc":{"start":{"line":22,"column":77},"end":{"line":26,"column":3}},"line":22},"4":{"name":"(anonymous_4)","decl":{"start":{"line":44,"column":51},"end":{"line":44,"column":52}},"loc":{"start":{"line":44,"column":65},"end":{"line":67,"column":1}},"line":44},"5":{"name":"(anonymous_5)","decl":{"start":{"line":52,"column":58},"end":{"line":52,"column":59}},"loc":{"start":{"line":52,"column":77},"end":{"line":66,"column":3}},"line":52},"6":{"name":"(anonymous_6)","decl":{"start":{"line":61,"column":6},"end":{"line":61,"column":7}},"loc":{"start":{"line":61,"column":23},"end":{"line":64,"column":7}},"line":61},"7":{"name":"(anonymous_7)","decl":{"start":{"line":84,"column":53},"end":{"line":84,"column":54}},"loc":{"start":{"line":84,"column":67},"end":{"line":109,"column":1}},"line":84},"8":{"name":"(anonymous_8)","decl":{"start":{"line":93,"column":79},"end":{"line":93,"column":80}},"loc":{"start":{"line":93,"column":98},"end":{"line":108,"column":3}},"line":93},"9":{"name":"(anonymous_9)","decl":{"start":{"line":102,"column":6},"end":{"line":102,"column":7}},"loc":{"start":{"line":102,"column":23},"end":{"line":106,"column":7}},"line":102},"10":{"name":"(anonymous_10)","decl":{"start":{"line":113,"column":56},"end":{"line":113,"column":57}},"loc":{"start":{"line":113,"column":70},"end":{"line":119,"column":1}},"line":113},"11":{"name":"(anonymous_11)","decl":{"start":{"line":115,"column":57},"end":{"line":115,"column":58}},"loc":{"start":{"line":115,"column":74},"end":{"line":118,"column":3}},"line":115}},"branchMap":{"0":{"loc":{"start":{"line":13,"column":4},"end":{"line":13,"column":84}},"type":"if","locations":[{"start":{"line":13,"column":4},"end":{"line":13,"column":84}},{"start":{},"end":{}}],"line":13},"1":{"loc":{"start":{"line":23,"column":4},"end":{"line":23,"column":84}},"type":"if","locations":[{"start":{"line":23,"column":4},"end":{"line":23,"column":84}},{"start":{},"end":{}}],"line":23},"2":{"loc":{"start":{"line":24,"column":4},"end":{"line":24,"column":90}},"type":"if","locations":[{"start":{"line":24,"column":4},"end":{"line":24,"column":90}},{"start":{},"end":{}}],"line":24},"3":{"loc":{"start":{"line":47,"column":2},"end":{"line":49,"column":3}},"type":"if","locations":[{"start":{"line":47,"column":2},"end":{"line":49,"column":3}},{"start":{},"end":{}}],"line":47},"4":{"loc":{"start":{"line":47,"column":6},"end":{"line":47,"column":24}},"type":"binary-expr","locations":[{"start":{"line":47,"column":6},"end":{"line":47,"column":11}},{"start":{"line":47,"column":15},"end":{"line":47,"column":24}}],"line":47},"5":{"loc":{"start":{"line":53,"column":4},"end":{"line":53,"column":84}},"type":"if","locations":[{"start":{"line":53,"column":4},"end":{"line":53,"column":84}},{"start":{},"end":{}}],"line":53},"6":{"loc":{"start":{"line":54,"column":4},"end":{"line":56,"column":5}},"type":"if","locations":[{"start":{"line":54,"column":4},"end":{"line":56,"column":5}},{"start":{},"end":{}}],"line":54},"7":{"loc":{"start":{"line":62,"column":8},"end":{"line":62,"column":92}},"type":"if","locations":[{"start":{"line":62,"column":8},"end":{"line":62,"column":92}},{"start":{},"end":{}}],"line":62},"8":{"loc":{"start":{"line":88,"column":2},"end":{"line":90,"column":3}},"type":"if","locations":[{"start":{"line":88,"column":2},"end":{"line":90,"column":3}},{"start":{},"end":{}}],"line":88},"9":{"loc":{"start":{"line":88,"column":6},"end":{"line":88,"column":24}},"type":"binary-expr","locations":[{"start":{"line":88,"column":6},"end":{"line":88,"column":11}},{"start":{"line":88,"column":15},"end":{"line":88,"column":24}}],"line":88},"10":{"loc":{"start":{"line":94,"column":4},"end":{"line":94,"column":84}},"type":"if","locations":[{"start":{"line":94,"column":4},"end":{"line":94,"column":84}},{"start":{},"end":{}}],"line":94},"11":{"loc":{"start":{"line":95,"column":4},"end":{"line":97,"column":5}},"type":"if","locations":[{"start":{"line":95,"column":4},"end":{"line":97,"column":5}},{"start":{},"end":{}}],"line":95},"12":{"loc":{"start":{"line":103,"column":8},"end":{"line":103,"column":94}},"type":"if","locations":[{"start":{"line":103,"column":8},"end":{"line":103,"column":94}},{"start":{},"end":{}}],"line":103},"13":{"loc":{"start":{"line":104,"column":8},"end":{"line":104,"column":99}},"type":"if","locations":[{"start":{"line":104,"column":8},"end":{"line":104,"column":99}},{"start":{},"end":{}}],"line":104},"14":{"loc":{"start":{"line":116,"column":4},"end":{"line":116,"column":90}},"type":"if","locations":[{"start":{"line":116,"column":4},"end":{"line":116,"column":90}},{"start":{},"end":{}}],"line":116}},"s":{"0":11,"1":11,"2":11,"3":11,"4":11,"5":1,"6":1,"7":0,"8":1,"9":11,"10":2,"11":2,"12":2,"13":0,"14":2,"15":1,"16":1,"17":11,"18":6,"19":6,"20":1,"21":5,"22":5,"23":0,"24":5,"25":1,"26":4,"27":4,"28":0,"29":4,"30":11,"31":3,"32":3,"33":3,"34":0,"35":3,"36":3,"37":0,"38":3,"39":1,"40":2,"41":2,"42":0,"43":2,"44":0,"45":2,"46":11,"47":1,"48":1,"49":1,"50":0,"51":1,"52":11},"f":{"0":1,"1":1,"2":2,"3":2,"4":6,"5":5,"6":4,"7":3,"8":3,"9":2,"10":1,"11":1},"b":{"0":[0,1],"1":[0,2],"2":[1,1],"3":[1,5],"4":[6,5],"5":[0,5],"6":[1,4],"7":[0,4],"8":[0,3],"9":[3,3],"10":[0,3],"11":[1,2],"12":[0,2],"13":[0,2],"14":[0,1]},"_coverageSchema":"1a1c01bbd47fc00a2c39e90264f33305004495a9","hash":"449c574a1a5441a7a1cd2a3907d8005f94b8a028"}
,"C:\\Users\\DELL\\pos-inventory\\backend\\routes\\usersRoutes.js": {"path":"C:\\Users\\DELL\\pos-inventory\\backend\\routes\\usersRoutes.js","statementMap":{"0":{"start":{"line":1,"column":16},"end":{"line":1,"column":34}},"1":{"start":{"line":2,"column":11},"end":{"line":2,"column":27}},"2":{"start":{"line":3,"column":15},"end":{"line":3,"column":34}},"3":{"start":{"line":4,"column":45},"end":{"line":4,"column":85}},"4":{"start":{"line":6,"column":15},"end":{"line":6,"column":31}},"5":{"start":{"line":9,"column":0},"end":{"line":14,"column":3}},"6":{"start":{"line":10,"column":2},"end":{"line":13,"column":5}},"7":{"start":{"line":11,"column":4},"end":{"line":11,"column":94}},"8":{"start":{"line":11,"column":13},"end":{"line":11,"column":94}},"9":{"start":{"line":12,"column":4},"end":{"line":12,"column":22}},"10":{"start":{"line":32,"column":0},"end":{"line":60,"column":3}},"11":{"start":{"line":33,"column":33},"end":{"line":33,"column":41}},"12":{"start":{"line":35,"column":2},"end":{"line":37,"column":3}},"13":{"start":{"line":36,"column":4},"end":{"line":36,"column":83}},"14":{"start":{"line":40,"column":2},"end":{"line":59,"column":5}},"15":{"start":{"line":41,"column":4},"end":{"line":41,"column":84}},"16":{"start":{"line":41,"column":13},"end":{"line":41,"column":84}},"17":{"start":{"line":42,"column":4},"end":{"line":44,"column":5}},"18":{"start":{"line":43,"column":6},"end":{"line":43,"column":74}},"19":{"start":{"line":46,"column":4},"end":{"line":58,"column":5}},"20":{"start":{"line":47,"column":29},"end":{"line":47,"column":60}},"21":{"start":{"line":48,"column":6},"end":{"line":55,"column":8}},"22":{"start":{"line":52,"column":10},"end":{"line":52,"column":99}},"23":{"start":{"line":52,"column":19},"end":{"line":52,"column":99}},"24":{"start":{"line":53,"column":10},"end":{"line":53,"column":106}},"25":{"start":{"line":57,"column":6},"end":{"line":57,"column":73}},"26":{"start":{"line":141,"column":0},"end":{"line":186,"column":3}},"27":{"start":{"line":142,"column":33},"end":{"line":142,"column":41}},"28":{"start":{"line":143,"column":17},"end":{"line":143,"column":30}},"29":{"start":{"line":145,"column":18},"end":{"line":145,"column":20}},"30":{"start":{"line":146,"column":17},"end":{"line":146,"column":19}},"31":{"start":{"line":148,"column":2},"end":{"line":185,"column":3}},"32":{"start":{"line":149,"column":4},"end":{"line":152,"column":5}},"33":{"start":{"line":150,"column":6},"end":{"line":150,"column":35}},"34":{"start":{"line":151,"column":6},"end":{"line":151,"column":28}},"35":{"start":{"line":154,"column":4},"end":{"line":158,"column":5}},"36":{"start":{"line":155,"column":29},"end":{"line":155,"column":60}},"37":{"start":{"line":156,"column":6},"end":{"line":156,"column":35}},"38":{"start":{"line":157,"column":6},"end":{"line":157,"column":34}},"39":{"start":{"line":160,"column":4},"end":{"line":162,"column":5}},"40":{"start":{"line":161,"column":6},"end":{"line":161,"column":68}},"41":{"start":{"line":164,"column":4},"end":{"line":164,"column":24}},"42":{"start":{"line":166,"column":4},"end":{"line":181,"column":6}},"43":{"start":{"line":170,"column":8},"end":{"line":173,"column":9}},"44":{"start":{"line":171,"column":10},"end":{"line":171,"column":49}},"45":{"start":{"line":172,"column":10},"end":{"line":172,"column":90}},"46":{"start":{"line":175,"column":8},"end":{"line":177,"column":9}},"47":{"start":{"line":176,"column":10},"end":{"line":176,"column":89}},"48":{"start":{"line":179,"column":8},"end":{"line":179,"column":63}},"49":{"start":{"line":183,"column":4},"end":{"line":183,"column":43}},"50":{"start":{"line":184,"column":4},"end":{"line":184,"column":61}},"51":{"start":{"line":189,"column":0},"end":{"line":206,"column":3}},"52":{"start":{"line":190,"column":17},"end":{"line":190,"column":30}},"53":{"start":{"line":191,"column":2},"end":{"line":193,"column":3}},"54":{"start":{"line":192,"column":4},"end":{"line":192,"column":68}},"55":{"start":{"line":197,"column":2},"end":{"line":205,"column":5}},"56":{"start":{"line":198,"column":4},"end":{"line":198,"column":93}},"57":{"start":{"line":198,"column":13},"end":{"line":198,"column":93}},"58":{"start":{"line":200,"column":4},"end":{"line":202,"column":5}},"59":{"start":{"line":201,"column":6},"end":{"line":201,"column":69}},"60":{"start":{"line":204,"column":4},"end":{"line":204,"column":59}},"61":{"start":{"line":208,"column":0},"end":{"line":208,"column":24}}},"fnMap":{"0":{"name":"(anonymous_0)","decl":{"start":{"line":9,"column":50},"end":{"line":9,"column":51}},"loc":{"start":{"line":9,"column":64},"end":{"line":14,"column":1}},"line":9},"1":{"name":"(anonymous_1)","decl":{"start":{"line":10,"column":75},"end":{"line":10,"column":76}},"loc":{"start":{"line":10,"column":93},"end":{"line":13,"column":3}},"line":10},"2":{"name":"(anonymous_2)","decl":{"start":{"line":32,"column":51},"end":{"line":32,"column":52}},"loc":{"start":{"line":32,"column":71},"end":{"line":60,"column":1}},"line":32},"3":{"name":"(anonymous_3)","decl":{"start":{"line":40,"column":66},"end":{"line":40,"column":67}},"loc":{"start":{"line":40,"column":91},"end":{"line":59,"column":3}},"line":40},"4":{"name":"(anonymous_4)","decl":{"start":{"line":51,"column":8},"end":{"line":51,"column":9}},"loc":{"start":{"line":51,"column":25},"end":{"line":54,"column":9}},"line":51},"5":{"name":"(anonymous_5)","decl":{"start":{"line":141,"column":53},"end":{"line":141,"column":54}},"loc":{"start":{"line":141,"column":73},"end":{"line":186,"column":1}},"line":141},"6":{"name":"(anonymous_6)","decl":{"start":{"line":169,"column":6},"end":{"line":169,"column":7}},"loc":{"start":{"line":169,"column":23},"end":{"line":180,"column":7}},"line":169},"7":{"name":"(anonymous_7)","decl":{"start":{"line":189,"column":56},"end":{"line":189,"column":57}},"loc":{"start":{"line":189,"column":70},"end":{"line":206,"column":1}},"line":189},"8":{"name":"(anonymous_8)","decl":{"start":{"line":197,"column":77},"end":{"line":197,"column":78}},"loc":{"start":{"line":197,"column":94},"end":{"line":205,"column":3}},"line":197}},"branchMap":{"0":{"loc":{"start":{"line":11,"column":4},"end":{"line":11,"column":94}},"type":"if","locations":[{"start":{"line":11,"column":4},"end":{"line":11,"column":94}},{"start":{},"end":{}}],"line":11},"1":{"loc":{"start":{"line":35,"column":2},"end":{"line":37,"column":3}},"type":"if","locations":[{"start":{"line":35,"column":2},"end":{"line":37,"column":3}},{"start":{},"end":{}}],"line":35},"2":{"loc":{"start":{"line":35,"column":6},"end":{"line":35,"column":28}},"type":"binary-expr","locations":[{"start":{"line":35,"column":6},"end":{"line":35,"column":15}},{"start":{"line":35,"column":19},"end":{"line":35,"column":28}}],"line":35},"3":{"loc":{"start":{"line":41,"column":4},"end":{"line":41,"column":84}},"type":"if","locations":[{"start":{"line":41,"column":4},"end":{"line":41,"column":84}},{"start":{},"end":{}}],"line":41},"4":{"loc":{"start":{"line":42,"column":4},"end":{"line":44,"column":5}},"type":"if","locations":[{"start":{"line":42,"column":4},"end":{"line":44,"column":5}},{"start":{},"end":{}}],"line":42},"5":{"loc":{"start":{"line":52,"column":10},"end":{"line":52,"column":99}},"type":"if","locations":[{"start":{"line":52,"column":10},"end":{"line":52,"column":99}},{"start":{},"end":{}}],"line":52},"6":{"loc":{"start":{"line":149,"column":4},"end":{"line":152,"column":5}},"type":"if","locations":[{"start":{"line":149,"column":4},"end":{"line":152,"column":5}},{"start":{},"end":{}}],"line":149},"7":{"loc":{"start":{"line":154,"column":4},"end":{"line":158,"column":5}},"type":"if","locations":[{"start":{"line":154,"column":4},"end":{"line":158,"column":5}},{"start":{},"end":{}}],"line":154},"8":{"loc":{"start":{"line":160,"column":4},"end":{"line":162,"column":5}},"type":"if","locations":[{"start":{"line":160,"column":4},"end":{"line":162,"column":5}},{"start":{},"end":{}}],"line":160},"9":{"loc":{"start":{"line":170,"column":8},"end":{"line":173,"column":9}},"type":"if","locations":[{"start":{"line":170,"column":8},"end":{"line":173,"column":9}},{"start":{},"end":{}}],"line":170},"10":{"loc":{"start":{"line":175,"column":8},"end":{"line":177,"column":9}},"type":"if","locations":[{"start":{"line":175,"column":8},"end":{"line":177,"column":9}},{"start":{},"end":{}}],"line":175},"11":{"loc":{"start":{"line":191,"column":2},"end":{"line":193,"column":3}},"type":"if","locations":[{"start":{"line":191,"column":2},"end":{"line":193,"column":3}},{"start":{},"end":{}}],"line":191},"12":{"loc":{"start":{"line":198,"column":4},"end":{"line":198,"column":93}},"type":"if","locations":[{"start":{"line":198,"column":4},"end":{"line":198,"column":93}},{"start":{},"end":{}}],"line":198},"13":{"loc":{"start":{"line":200,"column":4},"end":{"line":202,"column":5}},"type":"if","locations":[{"start":{"line":200,"column":4},"end":{"line":202,"column":5}},{"start":{},"end":{}}],"line":200}},"s":{"0":11,"1":11,"2":11,"3":11,"4":11,"5":11,"6":1,"7":1,"8":0,"9":1,"10":11,"11":4,"12":4,"13":1,"14":3,"15":3,"16":0,"17":3,"18":1,"19":2,"20":2,"21":2,"22":2,"23":0,"24":2,"25":0,"26":11,"27":4,"28":4,"29":4,"30":4,"31":4,"32":4,"33":3,"34":3,"35":4,"36":2,"37":2,"38":2,"39":4,"40":1,"41":3,"42":3,"43":3,"44":0,"45":0,"46":3,"47":1,"48":2,"49":0,"50":0,"51":11,"52":3,"53":3,"54":1,"55":2,"56":2,"57":0,"58":2,"59":1,"60":1,"61":11},"f":{"0":1,"1":1,"2":4,"3":3,"4":2,"5":4,"6":3,"7":3,"8":2},"b":{"0":[0,1],"1":[1,3],"2":[4,3],"3":[0,3],"4":[1,2],"5":[0,2],"6":[3,1],"7":[2,2],"8":[1,3],"9":[0,3],"10":[1,2],"11":[1,2],"12":[0,2],"13":[1,1]},"_coverageSchema":"1a1c01bbd47fc00a2c39e90264f33305004495a9","hash":"620174fbaaeb36c2fce2fa4c57d1c9748bc66732"}
}
