TN:
SF:db.js
FN:11,(anonymous_0)
FNF:1
FNH:1
FNDA:11,(anonymous_0)
DA:1,11
DA:2,11
DA:4,11
DA:11,11
DA:12,11
DA:13,0
DA:14,0
DA:16,11
DA:19,11
LF:9
LH:7
BRDA:5,0,0,11
BRDA:5,0,1,0
BRDA:6,1,0,11
BRDA:6,1,1,0
BRDA:7,2,0,11
BRDA:7,2,1,0
BRDA:8,3,0,11
BRDA:8,3,1,0
BRDA:12,4,0,0
BRDA:12,4,1,11
BRF:10
BRH:5
end_of_record
TN:
SF:server.js
FN:14,(anonymous_0)
FN:36,(anonymous_1)
FNF:2
FNH:0
FNDA:0,(anonymous_0)
FNDA:0,(anonymous_1)
DA:1,11
DA:2,11
DA:3,11
DA:4,11
DA:6,11
DA:7,11
DA:8,11
DA:9,11
DA:10,11
DA:12,11
DA:14,11
DA:15,0
DA:19,11
DA:20,11
DA:21,11
DA:22,11
DA:23,11
DA:24,11
DA:25,11
DA:26,11
DA:27,11
DA:28,11
DA:35,11
DA:36,0
DA:37,0
DA:41,11
LF:26
LH:23
BRDA:12,0,0,11
BRDA:12,0,1,0
BRDA:35,1,0,0
BRDA:35,1,1,11
BRF:4
BRH:2
end_of_record
TN:
SF:middlewares\authMiddleware.js
FN:4,(anonymous_0)
FN:28,(anonymous_1)
FN:36,(anonymous_2)
FNF:3
FNH:2
FNDA:78,(anonymous_0)
FNDA:52,(anonymous_1)
FNDA:0,(anonymous_2)
DA:1,11
DA:4,11
DA:5,78
DA:10,78
DA:11,0
DA:18,78
DA:19,78
DA:20,78
DA:21,78
DA:23,0
DA:28,11
DA:29,52
DA:30,0
DA:32,52
DA:36,11
DA:37,0
DA:38,0
DA:40,0
DA:43,11
LF:19
LH:13
BRDA:10,0,0,0
BRDA:10,0,1,78
BRDA:29,1,0,0
BRDA:29,1,1,52
BRDA:37,2,0,0
BRDA:37,2,1,0
BRDA:37,3,0,0
BRDA:37,3,1,0
BRF:8
BRH:2
end_of_record
TN:
SF:routes\authRoutes.js
FN:25,(anonymous_0)
FN:39,(anonymous_1)
FN:74,(anonymous_2)
FN:82,(anonymous_3)
FNF:4
FNH:4
FNDA:9,(anonymous_0)
FNDA:8,(anonymous_1)
FNDA:12,(anonymous_2)
FNDA:12,(anonymous_3)
DA:1,11
DA:2,11
DA:3,11
DA:4,11
DA:6,11
DA:25,11
DA:26,9
DA:29,9
DA:30,1
DA:33,8
DA:34,8
DA:36,8
DA:40,8
DA:41,0
DA:43,8
DA:47,0
DA:74,11
DA:75,12
DA:78,12
DA:79,0
DA:82,12
DA:83,12
DA:84,0
DA:87,12
DA:88,1
DA:91,11
DA:93,11
DA:94,11
DA:96,11
DA:97,0
DA:100,11
DA:106,11
DA:112,0
DA:117,11
LF:34
LH:28
BRDA:29,0,0,1
BRDA:29,0,1,8
BRDA:29,1,0,9
BRDA:29,1,1,8
BRDA:29,1,2,8
BRDA:29,1,3,8
BRDA:38,2,0,8
BRDA:38,2,1,1
BRDA:40,3,0,0
BRDA:40,3,1,8
BRDA:78,4,0,0
BRDA:78,4,1,12
BRDA:78,5,0,12
BRDA:78,5,1,12
BRDA:78,5,2,12
BRDA:78,5,3,12
BRDA:83,6,0,0
BRDA:83,6,1,12
BRDA:87,7,0,1
BRDA:87,7,1,11
BRDA:96,8,0,0
BRDA:96,8,1,11
BRF:22
BRH:18
end_of_record
TN:
SF:routes\dashboardRoutes.js
FN:7,(anonymous_0)
FN:16,(anonymous_1)
FN:40,(anonymous_2)
FN:46,(anonymous_3)
FN:56,(anonymous_4)
FN:67,(anonymous_5)
FNF:6
FNH:6
FNDA:1,(anonymous_0)
FNDA:1,(anonymous_1)
FNDA:1,(anonymous_2)
FNDA:1,(anonymous_3)
FNDA:1,(anonymous_4)
FNDA:1,(anonymous_5)
DA:1,11
DA:2,11
DA:3,11
DA:4,11
DA:7,11
DA:8,1
DA:17,1
DA:25,1
DA:26,0
DA:29,1
DA:30,1
DA:40,11
DA:41,1
DA:47,1
DA:48,1
DA:49,0
DA:51,1
DA:56,11
DA:57,1
DA:68,1
DA:70,1
DA:75,11
LF:22
LH:20
BRDA:17,0,0,0
BRDA:17,0,1,1
BRDA:25,1,0,0
BRDA:25,1,1,1
BRDA:25,2,0,1
BRDA:25,2,1,1
BRDA:31,3,0,1
BRDA:31,3,1,0
BRDA:32,4,0,1
BRDA:32,4,1,0
BRDA:33,5,0,1
BRDA:33,5,1,0
BRDA:47,6,0,0
BRDA:47,6,1,1
BRDA:48,7,0,0
BRDA:48,7,1,1
BRDA:48,8,0,1
BRDA:48,8,1,1
BRDA:68,9,0,0
BRDA:68,9,1,1
BRF:20
BRH:12
end_of_record
TN:
SF:routes\inventoryRoutes.js
FN:12,(anonymous_0)
FN:20,(anonymous_1)
FN:23,(anonymous_2)
FN:36,(anonymous_3)
FN:46,(anonymous_4)
FN:58,(anonymous_5)
FN:63,(anonymous_6)
FN:76,(anonymous_7)
FN:83,(anonymous_8)
FN:98,(anonymous_9)
FN:109,(anonymous_10)
FN:121,(anonymous_11)
FN:136,(anonymous_12)
FN:151,(anonymous_13)
FN:153,(anonymous_14)
FN:174,(anonymous_15)
FN:183,(anonymous_16)
FNF:17
FNH:16
FNDA:2,(anonymous_0)
FNDA:2,(anonymous_1)
FNDA:41,(anonymous_2)
FNDA:3,(anonymous_3)
FNDA:3,(anonymous_4)
FNDA:1,(anonymous_5)
FNDA:1,(anonymous_6)
FNDA:4,(anonymous_7)
FNDA:4,(anonymous_8)
FNDA:0,(anonymous_9)
FNDA:3,(anonymous_10)
FNDA:3,(anonymous_11)
FNDA:2,(anonymous_12)
FNDA:1,(anonymous_13)
FNDA:1,(anonymous_14)
FNDA:3,(anonymous_15)
FNDA:3,(anonymous_16)
DA:1,11
DA:2,11
DA:3,11
DA:6,11
DA:12,11
DA:13,2
DA:21,2
DA:23,2
DA:24,41
DA:25,3
DA:29,2
DA:36,11
DA:37,3
DA:38,3
DA:47,3
DA:48,3
DA:49,1
DA:51,2
DA:58,11
DA:59,1
DA:60,1
DA:64,1
DA:65,1
DA:66,0
DA:68,1
DA:69,1
DA:76,11
DA:77,4
DA:80,4
DA:84,4
DA:85,4
DA:86,0
DA:89,4
DA:90,1
DA:93,3
DA:95,0
DA:99,0
DA:101,0
DA:106,3
DA:110,3
DA:112,3
DA:121,11
DA:122,3
DA:123,3
DA:124,3
DA:125,0
DA:127,3
DA:128,1
DA:130,2
DA:131,0
DA:133,2
DA:137,2
DA:138,2
DA:139,0
DA:142,2
DA:151,11
DA:152,1
DA:153,1
DA:154,1
DA:155,1
DA:156,0
DA:158,1
DA:162,11
DA:165,11
DA:174,11
DA:175,3
DA:183,3
DA:184,3
DA:185,0
DA:187,3
DA:194,11
LF:71
LH:61
BRDA:21,0,0,0
BRDA:21,0,1,2
BRDA:24,1,0,3
BRDA:24,1,1,38
BRDA:47,2,0,0
BRDA:47,2,1,3
BRDA:48,3,0,1
BRDA:48,3,1,2
BRDA:64,4,0,0
BRDA:64,4,1,1
BRDA:65,5,0,0
BRDA:65,5,1,1
BRDA:65,6,0,1
BRDA:65,6,1,1
BRDA:68,7,0,0
BRDA:68,7,1,1
BRDA:84,8,0,0
BRDA:84,8,1,4
BRDA:85,9,0,0
BRDA:85,9,1,4
BRDA:85,10,0,4
BRDA:85,10,1,4
BRDA:85,10,2,4
BRDA:85,10,3,4
BRDA:89,11,0,1
BRDA:89,11,1,3
BRDA:89,12,0,4
BRDA:89,12,1,3
BRDA:93,13,0,0
BRDA:93,13,1,3
BRDA:99,14,0,0
BRDA:99,14,1,0
BRDA:110,15,0,0
BRDA:110,15,1,3
BRDA:124,16,0,0
BRDA:124,16,1,3
BRDA:127,17,0,1
BRDA:127,17,1,2
BRDA:127,18,0,3
BRDA:127,18,1,3
BRDA:127,18,2,3
BRDA:127,18,3,2
BRDA:130,19,0,0
BRDA:130,19,1,2
BRDA:130,20,0,2
BRDA:130,20,1,2
BRDA:137,21,0,0
BRDA:137,21,1,2
BRDA:138,22,0,0
BRDA:138,22,1,2
BRDA:154,23,0,0
BRDA:154,23,1,1
BRDA:155,24,0,0
BRDA:155,24,1,1
BRDA:184,25,0,0
BRDA:184,25,1,3
BRF:56
BRH:38
end_of_record
TN:
SF:routes\productRoutes.js
FN:16,(anonymous_0)
FN:19,(anonymous_1)
FN:26,(anonymous_2)
FN:27,(anonymous_3)
FN:33,(anonymous_4)
FN:36,(anonymous_5)
FN:43,(anonymous_6)
FN:52,(anonymous_7)
FN:59,(anonymous_8)
FN:75,(anonymous_9)
FN:84,(anonymous_10)
FN:92,(anonymous_11)
FN:105,(anonymous_12)
FN:110,(anonymous_13)
FN:116,(anonymous_14)
FNF:15
FNH:13
FNDA:0,(anonymous_0)
FNDA:0,(anonymous_1)
FNDA:2,(anonymous_2)
FNDA:2,(anonymous_3)
FNDA:2,(anonymous_4)
FNDA:2,(anonymous_5)
FNDA:5,(anonymous_6)
FNDA:4,(anonymous_7)
FNDA:3,(anonymous_8)
FNDA:2,(anonymous_9)
FNDA:2,(anonymous_10)
FNDA:1,(anonymous_11)
FNDA:3,(anonymous_12)
FNDA:3,(anonymous_13)
FNDA:2,(anonymous_14)
DA:1,11
DA:2,11
DA:3,11
DA:4,11
DA:5,11
DA:7,11
DA:9,11
DA:10,11
DA:11,0
DA:13,11
DA:15,11
DA:17,0
DA:20,0
DA:23,11
DA:26,11
DA:27,2
DA:28,2
DA:29,2
DA:33,11
DA:34,2
DA:35,2
DA:36,2
DA:37,2
DA:38,2
DA:39,1
DA:43,11
DA:44,5
DA:45,5
DA:46,5
DA:48,5
DA:49,1
DA:52,4
DA:53,4
DA:54,4
DA:56,3
DA:60,3
DA:61,0
DA:62,0
DA:64,3
DA:69,0
DA:70,0
DA:75,11
DA:76,2
DA:77,2
DA:78,2
DA:81,2
DA:82,2
DA:84,2
DA:85,2
DA:86,2
DA:88,1
DA:89,0
DA:90,0
DA:92,1
DA:93,1
DA:94,0
DA:95,0
DA:97,1
DA:102,11
DA:105,11
DA:106,3
DA:108,3
DA:110,3
DA:111,3
DA:112,3
DA:114,2
DA:116,2
DA:117,2
DA:119,2
DA:120,0
DA:122,2
DA:126,11
LF:72
LH:60
BRDA:10,0,0,0
BRDA:10,0,1,11
BRDA:28,1,0,0
BRDA:28,1,1,2
BRDA:35,2,0,0
BRDA:35,2,1,2
BRDA:37,3,0,0
BRDA:37,3,1,2
BRDA:38,4,0,1
BRDA:38,4,1,1
BRDA:46,5,0,0
BRDA:46,5,1,5
BRDA:48,6,0,1
BRDA:48,6,1,4
BRDA:48,7,0,5
BRDA:48,7,1,5
BRDA:48,7,2,4
BRDA:48,7,3,4
BRDA:53,8,0,0
BRDA:53,8,1,4
BRDA:54,9,0,1
BRDA:54,9,1,3
BRDA:60,10,0,0
BRDA:60,10,1,3
BRDA:78,11,0,0
BRDA:78,11,1,2
BRDA:85,12,0,0
BRDA:85,12,1,2
BRDA:86,13,0,1
BRDA:86,13,1,1
BRDA:88,14,0,0
BRDA:88,14,1,1
BRDA:93,15,0,0
BRDA:93,15,1,1
BRDA:108,16,0,0
BRDA:108,16,1,3
BRDA:111,17,0,0
BRDA:111,17,1,3
BRDA:112,18,0,1
BRDA:112,18,1,2
BRDA:114,19,0,0
BRDA:114,19,1,2
BRDA:117,20,0,0
BRDA:117,20,1,2
BRDA:119,21,0,0
BRDA:119,21,1,2
BRDA:119,22,0,2
BRDA:119,22,1,0
BRF:48
BRH:31
end_of_record
TN:
SF:routes\reportsRoutes.js
FN:10,(anonymous_0)
FN:17,(anonymous_1)
FN:35,(anonymous_2)
FN:42,(anonymous_3)
FN:60,(anonymous_4)
FN:67,(anonymous_5)
FN:81,(anonymous_6)
FNF:7
FNH:7
FNDA:1,(anonymous_0)
FNDA:1,(anonymous_1)
FNDA:1,(anonymous_2)
FNDA:1,(anonymous_3)
FNDA:1,(anonymous_4)
FNDA:1,(anonymous_5)
FNDA:14,(anonymous_6)
DA:1,11
DA:2,11
DA:3,11
DA:4,11
DA:5,11
DA:6,11
DA:7,11
DA:10,11
DA:11,1
DA:18,1
DA:19,1
DA:20,0
DA:22,1
DA:23,1
DA:24,1
DA:25,1
DA:26,1
DA:28,0
DA:35,11
DA:36,1
DA:43,1
DA:44,1
DA:45,0
DA:47,1
DA:48,1
DA:49,1
DA:50,1
DA:51,1
DA:53,0
DA:60,11
DA:61,1
DA:68,1
DA:69,1
DA:70,0
DA:72,1
DA:73,1
DA:74,1
DA:75,1
DA:77,1
DA:78,1
DA:79,1
DA:81,1
DA:82,14
DA:83,14
DA:84,14
DA:85,14
DA:86,14
DA:87,14
DA:90,1
DA:95,11
LF:50
LH:45
BRDA:18,0,0,0
BRDA:18,0,1,1
BRDA:19,1,0,0
BRDA:19,1,1,1
BRDA:19,2,0,1
BRDA:19,2,1,1
BRDA:43,3,0,0
BRDA:43,3,1,1
BRDA:44,4,0,0
BRDA:44,4,1,1
BRDA:44,5,0,1
BRDA:44,5,1,1
BRDA:68,6,0,0
BRDA:68,6,1,1
BRDA:69,7,0,0
BRDA:69,7,1,1
BRDA:69,8,0,1
BRDA:69,8,1,1
BRF:18
BRH:12
end_of_record
TN:
SF:routes\salesRoutes.js
FN:12,(anonymous_0)
FN:19,(anonymous_1)
FN:28,(anonymous_2)
FN:42,(anonymous_3)
FN:51,(anonymous_4)
FN:65,(anonymous_5)
FN:85,(anonymous_6)
FN:92,(anonymous_7)
FN:110,(anonymous_8)
FN:117,(anonymous_9)
FNF:10
FNH:10
FNDA:2,(anonymous_0)
FNDA:2,(anonymous_1)
FNDA:2,(anonymous_2)
FNDA:1,(anonymous_3)
FNDA:3,(anonymous_4)
FNDA:2,(anonymous_5)
FNDA:2,(anonymous_6)
FNDA:2,(anonymous_7)
FNDA:4,(anonymous_8)
FNDA:3,(anonymous_9)
DA:1,11
DA:2,11
DA:3,11
DA:6,11
DA:8,11
DA:12,11
DA:13,2
DA:20,2
DA:21,2
DA:28,11
DA:29,2
DA:30,2
DA:31,1
DA:33,1
DA:43,1
DA:44,1
DA:51,11
DA:52,3
DA:54,3
DA:55,0
DA:57,3
DA:58,1
DA:62,2
DA:66,2
DA:68,2
DA:69,0
DA:72,2
DA:73,2
DA:75,2
DA:76,0
DA:79,2
DA:82,2
DA:86,2
DA:89,2
DA:93,2
DA:95,2
DA:110,11
DA:111,4
DA:113,4
DA:114,1
DA:117,3
DA:118,3
DA:120,3
DA:121,1
DA:124,2
DA:128,11
LF:46
LH:43
BRDA:20,0,0,0
BRDA:20,0,1,2
BRDA:30,1,0,1
BRDA:30,1,1,1
BRDA:30,2,0,2
BRDA:30,2,1,1
BRDA:43,3,0,0
BRDA:43,3,1,1
BRDA:54,4,0,0
BRDA:54,4,1,3
BRDA:54,5,0,3
BRDA:54,5,1,3
BRDA:54,5,2,3
BRDA:57,6,0,1
BRDA:57,6,1,2
BRDA:57,7,0,3
BRDA:57,7,1,2
BRDA:57,7,2,2
BRDA:57,7,3,2
BRDA:66,8,0,0
BRDA:66,8,1,2
BRDA:68,9,0,0
BRDA:68,9,1,2
BRDA:75,10,0,0
BRDA:75,10,1,2
BRDA:86,11,0,0
BRDA:86,11,1,2
BRDA:93,12,0,0
BRDA:93,12,1,2
BRDA:113,13,0,1
BRDA:113,13,1,3
BRDA:118,14,0,0
BRDA:118,14,1,3
BRDA:120,15,0,1
BRDA:120,15,1,2
BRF:35
BRH:26
end_of_record
TN:
SF:routes\stockTransferRoutes.js
FN:6,(anonymous_0)
FN:17,(anonymous_1)
FN:30,(anonymous_2)
FN:40,(anonymous_3)
FN:48,(anonymous_4)
FN:63,(anonymous_5)
FN:80,(anonymous_6)
FN:87,(anonymous_7)
FN:95,(anonymous_8)
FN:102,(anonymous_9)
FN:115,(anonymous_10)
FN:122,(anonymous_11)
FN:139,(anonymous_12)
FN:144,(anonymous_13)
FNF:14
FNH:12
FNDA:2,(anonymous_0)
FNDA:1,(anonymous_1)
FNDA:1,(anonymous_2)
FNDA:1,(anonymous_3)
FNDA:3,(anonymous_4)
FNDA:2,(anonymous_5)
FNDA:2,(anonymous_6)
FNDA:2,(anonymous_7)
FNDA:2,(anonymous_8)
FNDA:2,(anonymous_9)
FNDA:0,(anonymous_10)
FNDA:0,(anonymous_11)
FNDA:2,(anonymous_12)
FNDA:2,(anonymous_13)
DA:1,11
DA:2,11
DA:3,11
DA:4,11
DA:6,11
DA:7,2
DA:8,2
DA:9,2
DA:11,2
DA:12,1
DA:14,1
DA:18,1
DA:21,1
DA:22,0
DA:25,1
DA:30,11
DA:31,1
DA:41,1
DA:42,1
DA:48,11
DA:49,3
DA:50,3
DA:51,0
DA:53,3
DA:54,1
DA:56,2
DA:57,0
DA:60,2
DA:64,2
DA:66,2
DA:67,0
DA:70,2
DA:72,2
DA:73,0
DA:77,2
DA:81,2
DA:84,2
DA:88,2
DA:90,2
DA:92,2
DA:96,2
DA:99,2
DA:103,2
DA:105,2
DA:112,0
DA:116,0
DA:119,0
DA:123,0
DA:125,0
DA:139,11
DA:140,2
DA:141,2
DA:142,0
DA:144,2
DA:145,2
DA:146,2
DA:147,1
DA:149,1
DA:153,11
LF:59
LH:48
BRDA:11,0,0,1
BRDA:11,0,1,1
BRDA:11,1,0,2
BRDA:11,1,1,2
BRDA:11,1,2,2
BRDA:11,1,3,2
BRDA:11,1,4,2
BRDA:11,1,5,1
BRDA:18,2,0,0
BRDA:18,2,1,1
BRDA:21,3,0,0
BRDA:21,3,1,1
BRDA:41,4,0,0
BRDA:41,4,1,1
BRDA:50,5,0,0
BRDA:50,5,1,3
BRDA:50,6,0,3
BRDA:50,6,1,3
BRDA:50,6,2,3
BRDA:50,6,3,3
BRDA:53,7,0,1
BRDA:53,7,1,2
BRDA:56,8,0,0
BRDA:56,8,1,2
BRDA:64,9,0,0
BRDA:64,9,1,2
BRDA:66,10,0,0
BRDA:66,10,1,2
BRDA:72,11,0,0
BRDA:72,11,1,2
BRDA:81,12,0,0
BRDA:81,12,1,2
BRDA:88,13,0,0
BRDA:88,13,1,2
BRDA:90,14,0,2
BRDA:90,14,1,0
BRDA:96,15,0,0
BRDA:96,15,1,2
BRDA:103,16,0,0
BRDA:103,16,1,2
BRDA:116,17,0,0
BRDA:116,17,1,0
BRDA:123,18,0,0
BRDA:123,18,1,0
BRDA:141,19,0,0
BRDA:141,19,1,2
BRDA:145,20,0,0
BRDA:145,20,1,2
BRDA:146,21,0,1
BRDA:146,21,1,1
BRF:50
BRH:31
end_of_record
TN:
SF:routes\storeRoutes.js
FN:11,(anonymous_0)
FN:12,(anonymous_1)
FN:20,(anonymous_2)
FN:22,(anonymous_3)
FN:44,(anonymous_4)
FN:52,(anonymous_5)
FN:61,(anonymous_6)
FN:84,(anonymous_7)
FN:93,(anonymous_8)
FN:102,(anonymous_9)
FN:113,(anonymous_10)
FN:115,(anonymous_11)
FNF:12
FNH:12
FNDA:1,(anonymous_0)
FNDA:1,(anonymous_1)
FNDA:2,(anonymous_2)
FNDA:2,(anonymous_3)
FNDA:6,(anonymous_4)
FNDA:5,(anonymous_5)
FNDA:4,(anonymous_6)
FNDA:3,(anonymous_7)
FNDA:3,(anonymous_8)
FNDA:2,(anonymous_9)
FNDA:1,(anonymous_10)
FNDA:1,(anonymous_11)
DA:1,11
DA:2,11
DA:4,11
DA:6,11
DA:11,11
DA:12,1
DA:13,1
DA:14,1
DA:20,11
DA:21,2
DA:22,2
DA:23,2
DA:24,2
DA:25,1
DA:44,11
DA:45,6
DA:47,6
DA:48,1
DA:52,5
DA:53,5
DA:54,5
DA:55,1
DA:58,4
DA:62,4
DA:63,4
DA:84,11
DA:85,3
DA:86,3
DA:88,3
DA:89,0
DA:93,3
DA:94,3
DA:95,3
DA:96,1
DA:99,2
DA:103,2
DA:104,2
DA:105,2
DA:113,11
DA:114,1
DA:115,1
DA:116,1
DA:117,1
DA:121,11
LF:44
LH:43
BRDA:13,0,0,0
BRDA:13,0,1,1
BRDA:23,1,0,0
BRDA:23,1,1,2
BRDA:24,2,0,1
BRDA:24,2,1,1
BRDA:47,3,0,1
BRDA:47,3,1,5
BRDA:47,4,0,6
BRDA:47,4,1,5
BRDA:53,5,0,0
BRDA:53,5,1,5
BRDA:54,6,0,1
BRDA:54,6,1,4
BRDA:62,7,0,0
BRDA:62,7,1,4
BRDA:88,8,0,0
BRDA:88,8,1,3
BRDA:88,9,0,3
BRDA:88,9,1,3
BRDA:94,10,0,0
BRDA:94,10,1,3
BRDA:95,11,0,1
BRDA:95,11,1,2
BRDA:103,12,0,0
BRDA:103,12,1,2
BRDA:104,13,0,0
BRDA:104,13,1,2
BRDA:116,14,0,0
BRDA:116,14,1,1
BRF:30
BRH:21
end_of_record
TN:
SF:routes\usersRoutes.js
FN:9,(anonymous_0)
FN:10,(anonymous_1)
FN:32,(anonymous_2)
FN:40,(anonymous_3)
FN:51,(anonymous_4)
FN:141,(anonymous_5)
FN:169,(anonymous_6)
FN:189,(anonymous_7)
FN:197,(anonymous_8)
FNF:9
FNH:9
FNDA:1,(anonymous_0)
FNDA:1,(anonymous_1)
FNDA:4,(anonymous_2)
FNDA:3,(anonymous_3)
FNDA:2,(anonymous_4)
FNDA:4,(anonymous_5)
FNDA:3,(anonymous_6)
FNDA:3,(anonymous_7)
FNDA:2,(anonymous_8)
DA:1,11
DA:2,11
DA:3,11
DA:4,11
DA:6,11
DA:9,11
DA:10,1
DA:11,1
DA:12,1
DA:32,11
DA:33,4
DA:35,4
DA:36,1
DA:40,3
DA:41,3
DA:42,3
DA:43,1
DA:46,2
DA:47,2
DA:48,2
DA:52,2
DA:53,2
DA:57,0
DA:141,11
DA:142,4
DA:143,4
DA:145,4
DA:146,4
DA:148,4
DA:149,4
DA:150,3
DA:151,3
DA:154,4
DA:155,2
DA:156,2
DA:157,2
DA:160,4
DA:161,1
DA:164,3
DA:166,3
DA:170,3
DA:171,0
DA:172,0
DA:175,3
DA:176,1
DA:179,2
DA:183,0
DA:184,0
DA:189,11
DA:190,3
DA:191,3
DA:192,1
DA:197,2
DA:198,2
DA:200,2
DA:201,1
DA:204,1
DA:208,11
LF:58
LH:53
BRDA:11,0,0,0
BRDA:11,0,1,1
BRDA:35,1,0,1
BRDA:35,1,1,3
BRDA:35,2,0,4
BRDA:35,2,1,3
BRDA:41,3,0,0
BRDA:41,3,1,3
BRDA:42,4,0,1
BRDA:42,4,1,2
BRDA:52,5,0,0
BRDA:52,5,1,2
BRDA:149,6,0,3
BRDA:149,6,1,1
BRDA:154,7,0,2
BRDA:154,7,1,2
BRDA:160,8,0,1
BRDA:160,8,1,3
BRDA:170,9,0,0
BRDA:170,9,1,3
BRDA:175,10,0,1
BRDA:175,10,1,2
BRDA:191,11,0,1
BRDA:191,11,1,2
BRDA:198,12,0,0
BRDA:198,12,1,2
BRDA:200,13,0,1
BRDA:200,13,1,1
BRF:28
BRH:23
end_of_record
